---------------------------------------
Begin Slurm Prolog: Sep-13-2025 17:12:41
Job ID:    935256
User ID:   ssinghal74
Account:   gts-vsarkar9-forza
Job name:  actor-1
Partition: cpu-small
QOS:       inferno
---------------------------------------
Started on atl1-1-03-003-1-2.pace.gatech.edu
Graph Matching 1/2-Approx Actor Version
File /storage/home/hcoda1/8/ssinghal74/scratch/mel-dataset/rgg_big.mtx
Writing /storage/home/hcoda1/8/ssinghal74/scratch/mel-dataset/converted/rgg_big.mtx
---------------------------------------
Begin Slurm Epilog: Sep-14-2025 06:35:00
Job ID:        935256
User ID:       ssinghal74
Account:       gts-vsarkar9-forza
Job name:      actor-1
Resources:     cpu=256,mem=1T,node=16
Rsrc Used:     cput=142-15:13:04,vmem=0,walltime=13:22:19,mem=12484K,energy_used=0
Partition:     cpu-small
QOS:           inferno
Nodes:         atl1-1-03-003-1-2,atl1-1-03-003-2-[1-2],atl1-1-03-003-3-[1-2],atl1-1-03-003-4-[1-2],atl1-1-03-003-6-2,atl1-1-03-003-8-2,atl1-1-03-003-9-1,atl1-1-03-003-10-[1-2],atl1-1-03-003-11-2,atl1-1-03-003-12-2,atl1-1-03-003-13-[1-2]
---------------------------------------
