== cage15.mtx | 4 nodes ==
Graph Matching 1/2-Approx Actor Version
Reading file takes 2.897 seconds
File /storage/home/hcoda1/8/ssinghal74/scratch/mel-dataset/converted/cage15.mtx
Number of Vertices: 52177205
Number of Edges: 94044692
Sorting el for all G(V) takes 0.041 seconds
Time taken for matching: 0.597


== cage15.mtx | 8 nodes ==
Graph Matching 1/2-Approx Actor Version
Reading file takes 0.987 seconds
File /storage/home/hcoda1/8/ssinghal74/scratch/mel-dataset/converted/cage15.mtx
Number of Vertices: 52177205
Number of Edges: 94044692
Sorting el for all G(V) takes 0.022 seconds
Time taken for matching: 0.243


== cage15.mtx | 16 nodes ==
Graph Matching 1/2-Approx Actor Version
Reading file takes 0.519 seconds
File /storage/home/hcoda1/8/ssinghal74/scratch/mel-dataset/converted/cage15.mtx
Number of Vertices: 52177205
Number of Edges: 94044692
Sorting el for all G(V) takes 0.011 seconds
Time taken for matching: 0.174


== cage15.mtx | 32 nodes ==
Graph Matching 1/2-Approx Actor Version
Reading file takes 0.496 seconds
File /storage/home/hcoda1/8/ssinghal74/scratch/mel-dataset/converted/cage15.mtx
Number of Vertices: 52177205
Number of Edges: 94044692
Sorting el for all G(V) takes 0.005 seconds
Time taken for matching: 0.267


== cage15.mtx | 64 nodes ==
Graph Matching 1/2-Approx Actor Version
Reading file takes 0.235 seconds
File /storage/home/hcoda1/8/ssinghal74/scratch/mel-dataset/converted/cage15.mtx
Number of Vertices: 52177205
Number of Edges: 94044692
Sorting el for all G(V) takes 0.003 seconds
Time taken for matching: 0.532


== cage15.mtx | 128 nodes ==
Graph Matching 1/2-Approx Actor Version
Reading file takes 0.695 seconds
File /storage/home/hcoda1/8/ssinghal74/scratch/mel-dataset/converted/cage15.mtx
Number of Vertices: 52177205
Number of Edges: 94044692
Sorting el for all G(V) takes 0.001 seconds
Time taken for matching: 0.475


== HV15R.mtx | 4 nodes ==
Graph Matching 1/2-Approx Actor Version
Reading file takes 7.086 seconds
File /storage/home/hcoda1/8/ssinghal74/scratch/mel-dataset/converted/HV15R.mtx
Number of Vertices: 164374738
Number of Edges: 324715138
Sorting el for all G(V) takes 0.238 seconds
Time taken for matching: 4.118


== HV15R.mtx | 8 nodes ==
Graph Matching 1/2-Approx Actor Version
Reading file takes 2.903 seconds
File /storage/home/hcoda1/8/ssinghal74/scratch/mel-dataset/converted/HV15R.mtx
Number of Vertices: 164374738
Number of Edges: 324715138
Sorting el for all G(V) takes 0.119 seconds
Time taken for matching: 2.378


== HV15R.mtx | 16 nodes ==
Graph Matching 1/2-Approx Actor Version
Reading file takes 1.564 seconds
File /storage/home/hcoda1/8/ssinghal74/scratch/mel-dataset/converted/HV15R.mtx
Number of Vertices: 164374738
Number of Edges: 324715138
Sorting el for all G(V) takes 0.060 seconds
Time taken for matching: 1.627


== HV15R.mtx | 32 nodes ==
Graph Matching 1/2-Approx Actor Version
Reading file takes 1.006 seconds
File /storage/home/hcoda1/8/ssinghal74/scratch/mel-dataset/converted/HV15R.mtx
Number of Vertices: 164374738
Number of Edges: 324715138
Sorting el for all G(V) takes 0.030 seconds
Time taken for matching: 1.372


== HV15R.mtx | 64 nodes ==
Graph Matching 1/2-Approx Actor Version
Reading file takes 0.623 seconds
File /storage/home/hcoda1/8/ssinghal74/scratch/mel-dataset/converted/HV15R.mtx
Number of Vertices: 164374738
Number of Edges: 324715138
Sorting el for all G(V) takes 0.015 seconds
Time taken for matching: 1.834


== HV15R.mtx | 128 nodes ==
Graph Matching 1/2-Approx Actor Version
Reading file takes 0.856 seconds
File /storage/home/hcoda1/8/ssinghal74/scratch/mel-dataset/converted/HV15R.mtx
Number of Vertices: 164374738
Number of Edges: 324715138
Sorting el for all G(V) takes 0.007 seconds
Time taken for matching: 2.286


== graph500-scale21-ef16_adj.mtx | 4 nodes ==
Graph Matching 1/2-Approx Actor Version
Reading file takes 2.619 seconds
File /storage/home/hcoda1/8/ssinghal74/scratch/mel-dataset/converted/graph500-scale21-ef16_adj.mtx
Number of Vertices: 1243072
Number of Edges: 63463300
Sorting el for all G(V) takes 0.066 seconds
Time taken for matching: 0.497


== graph500-scale21-ef16_adj.mtx | 8 nodes ==
Graph Matching 1/2-Approx Actor Version
Reading file takes 0.782 seconds
File /storage/home/hcoda1/8/ssinghal74/scratch/mel-dataset/converted/graph500-scale21-ef16_adj.mtx
Number of Vertices: 1243072
Number of Edges: 63463300
Sorting el for all G(V) takes 0.038 seconds
Time taken for matching: 0.436


== graph500-scale21-ef16_adj.mtx | 16 nodes ==
Graph Matching 1/2-Approx Actor Version
Reading file takes 0.483 seconds
File /storage/home/hcoda1/8/ssinghal74/scratch/mel-dataset/converted/graph500-scale21-ef16_adj.mtx
Number of Vertices: 1243072
Number of Edges: 63463300
Sorting el for all G(V) takes 0.026 seconds
Time taken for matching: 0.642


== graph500-scale21-ef16_adj.mtx | 32 nodes ==
Graph Matching 1/2-Approx Actor Version
Reading file takes 0.435 seconds
File /storage/home/hcoda1/8/ssinghal74/scratch/mel-dataset/converted/graph500-scale21-ef16_adj.mtx
Number of Vertices: 1243072
Number of Edges: 63463300
Sorting el for all G(V) takes 0.019 seconds
Time taken for matching: 0.606


== graph500-scale21-ef16_adj.mtx | 64 nodes ==
Graph Matching 1/2-Approx Actor Version
Reading file takes 0.230 seconds
File /storage/home/hcoda1/8/ssinghal74/scratch/mel-dataset/converted/graph500-scale21-ef16_adj.mtx
Number of Vertices: 1243072
Number of Edges: 63463300
Sorting el for all G(V) takes 0.015 seconds
Time taken for matching: 0.862


== graph500-scale21-ef16_adj.mtx | 128 nodes ==
Graph Matching 1/2-Approx Actor Version
Reading file takes 0.298 seconds
File /storage/home/hcoda1/8/ssinghal74/scratch/mel-dataset/converted/graph500-scale21-ef16_adj.mtx
Number of Vertices: 1243072
Number of Edges: 63463300
Sorting el for all G(V) takes 0.013 seconds
Time taken for matching: 1.146


== graph500-scale22-ef16_adj.mtx | 4 nodes ==
Graph Matching 1/2-Approx Actor Version
Reading file takes 4.377 seconds
File /storage/home/hcoda1/8/ssinghal74/scratch/mel-dataset/converted/graph500-scale22-ef16_adj.mtx
Number of Vertices: 2393285
Number of Edges: 128194008
Sorting el for all G(V) takes 0.123 seconds
Time taken for matching: 0.880


== graph500-scale22-ef16_adj.mtx | 8 nodes ==
Graph Matching 1/2-Approx Actor Version
Reading file takes 1.996 seconds
File /storage/home/hcoda1/8/ssinghal74/scratch/mel-dataset/converted/graph500-scale22-ef16_adj.mtx
Number of Vertices: 2393285
Number of Edges: 128194008
Sorting el for all G(V) takes 0.068 seconds
Time taken for matching: 0.880


== graph500-scale22-ef16_adj.mtx | 16 nodes ==
Graph Matching 1/2-Approx Actor Version
Reading file takes 0.833 seconds
File /storage/home/hcoda1/8/ssinghal74/scratch/mel-dataset/converted/graph500-scale22-ef16_adj.mtx
Number of Vertices: 2393285
Number of Edges: 128194008
Sorting el for all G(V) takes 0.043 seconds
Time taken for matching: 0.701


== graph500-scale22-ef16_adj.mtx | 32 nodes ==
Graph Matching 1/2-Approx Actor Version
Reading file takes 0.619 seconds
File /storage/home/hcoda1/8/ssinghal74/scratch/mel-dataset/converted/graph500-scale22-ef16_adj.mtx
Number of Vertices: 2393285
Number of Edges: 128194008
Sorting el for all G(V) takes 0.032 seconds
Time taken for matching: 0.937


== graph500-scale22-ef16_adj.mtx | 64 nodes ==
Graph Matching 1/2-Approx Actor Version
Reading file takes 0.339 seconds
File /storage/home/hcoda1/8/ssinghal74/scratch/mel-dataset/converted/graph500-scale22-ef16_adj.mtx
Number of Vertices: 2393285
Number of Edges: 128194008
Sorting el for all G(V) takes 0.023 seconds
Time taken for matching: 0.919


== graph500-scale22-ef16_adj.mtx | 128 nodes ==
Graph Matching 1/2-Approx Actor Version
Reading file takes 0.674 seconds
File /storage/home/hcoda1/8/ssinghal74/scratch/mel-dataset/converted/graph500-scale22-ef16_adj.mtx
Number of Vertices: 2393285
Number of Edges: 128194008
Sorting el for all G(V) takes 0.020 seconds
Time taken for matching: 0.849


== graph500-scale23-ef16_adj.mtx | 4 nodes ==
Graph Matching 1/2-Approx Actor Version
Reading file takes 7.664 seconds
File /storage/home/hcoda1/8/ssinghal74/scratch/mel-dataset/converted/graph500-scale23-ef16_adj.mtx
Number of Vertices: 4606314
Number of Edges: 258501410
Sorting el for all G(V) takes 0.254 seconds
Time taken for matching: 1.414


== graph500-scale23-ef16_adj.mtx | 8 nodes ==
Graph Matching 1/2-Approx Actor Version
Reading file takes 3.066 seconds
File /storage/home/hcoda1/8/ssinghal74/scratch/mel-dataset/converted/graph500-scale23-ef16_adj.mtx
Number of Vertices: 4606314
Number of Edges: 258501410
Sorting el for all G(V) takes 0.143 seconds
Time taken for matching: 1.359


== graph500-scale23-ef16_adj.mtx | 16 nodes ==
Graph Matching 1/2-Approx Actor Version
Reading file takes 1.595 seconds
File /storage/home/hcoda1/8/ssinghal74/scratch/mel-dataset/converted/graph500-scale23-ef16_adj.mtx
Number of Vertices: 4606314
Number of Edges: 258501410
Sorting el for all G(V) takes 0.081 seconds
Time taken for matching: 2.025


== graph500-scale23-ef16_adj.mtx | 32 nodes ==
Graph Matching 1/2-Approx Actor Version
Reading file takes 2.140 seconds
File /storage/home/hcoda1/8/ssinghal74/scratch/mel-dataset/converted/graph500-scale23-ef16_adj.mtx
Number of Vertices: 4606314
Number of Edges: 258501410
Sorting el for all G(V) takes 0.053 seconds
Time taken for matching: 2.447


== graph500-scale23-ef16_adj.mtx | 64 nodes ==
Graph Matching 1/2-Approx Actor Version
Reading file takes 0.583 seconds
File /storage/home/hcoda1/8/ssinghal74/scratch/mel-dataset/converted/graph500-scale23-ef16_adj.mtx
Number of Vertices: 4606314
Number of Edges: 258501410
Sorting el for all G(V) takes 0.041 seconds
Time taken for matching: 1.258


== graph500-scale23-ef16_adj.mtx | 128 nodes ==
Graph Matching 1/2-Approx Actor Version
Reading file takes 0.825 seconds
File /storage/home/hcoda1/8/ssinghal74/scratch/mel-dataset/converted/graph500-scale23-ef16_adj.mtx
Number of Vertices: 4606314
Number of Edges: 258501410
Sorting el for all G(V) takes 0.033 seconds
Time taken for matching: 1.340


== graph500-scale24-ef16_adj.mtx | 4 nodes ==
Graph Matching 1/2-Approx Actor Version
Reading file takes 15.104 seconds
File /storage/home/hcoda1/8/ssinghal74/scratch/mel-dataset/converted/graph500-scale24-ef16_adj.mtx
Number of Vertices: 8860450
Number of Edges: 520523686
Sorting el for all G(V) takes 0.544 seconds
Time taken for matching: 4.019


== graph500-scale24-ef16_adj.mtx | 8 nodes ==
Graph Matching 1/2-Approx Actor Version
Reading file takes 5.753 seconds
File /storage/home/hcoda1/8/ssinghal74/scratch/mel-dataset/converted/graph500-scale24-ef16_adj.mtx
Number of Vertices: 8860450
Number of Edges: 520523686
Sorting el for all G(V) takes 0.272 seconds
Time taken for matching: 2.156


== graph500-scale24-ef16_adj.mtx | 16 nodes ==
Graph Matching 1/2-Approx Actor Version
Reading file takes 2.971 seconds
File /storage/home/hcoda1/8/ssinghal74/scratch/mel-dataset/converted/graph500-scale24-ef16_adj.mtx
Number of Vertices: 8860450
Number of Edges: 520523686
Sorting el for all G(V) takes 0.169 seconds
Time taken for matching: 3.859


== graph500-scale24-ef16_adj.mtx | 32 nodes ==
Graph Matching 1/2-Approx Actor Version
Reading file takes 1.754 seconds
File /storage/home/hcoda1/8/ssinghal74/scratch/mel-dataset/converted/graph500-scale24-ef16_adj.mtx
Number of Vertices: 8860450
Number of Edges: 520523686
Sorting el for all G(V) takes 0.105 seconds
Time taken for matching: 4.497


== graph500-scale24-ef16_adj.mtx | 64 nodes ==
Graph Matching 1/2-Approx Actor Version
Reading file takes 1.057 seconds
File /storage/home/hcoda1/8/ssinghal74/scratch/mel-dataset/converted/graph500-scale24-ef16_adj.mtx
Number of Vertices: 8860450
Number of Edges: 520523686
Sorting el for all G(V) takes 0.074 seconds
Time taken for matching: 3.873


== graph500-scale24-ef16_adj.mtx | 128 nodes ==
Graph Matching 1/2-Approx Actor Version
Reading file takes 1.268 seconds
File /storage/home/hcoda1/8/ssinghal74/scratch/mel-dataset/converted/graph500-scale24-ef16_adj.mtx
Number of Vertices: 8860450
Number of Edges: 520523686
Sorting el for all G(V) takes 0.060 seconds
Time taken for matching: 5.138


== kmer_P1a.mtx | 4 nodes ==
Graph Matching 1/2-Approx Actor Version
Reading file takes 6.550 seconds
File /storage/home/hcoda1/8/ssinghal74/scratch/mel-dataset/converted/kmer_P1a.mtx
Number of Vertices: 139353211
Number of Edges: 297829984
Sorting el for all G(V) takes 0.074 seconds
Time taken for matching: 1.558


== kmer_P1a.mtx | 8 nodes ==
Graph Matching 1/2-Approx Actor Version
Reading file takes 2.714 seconds
File /storage/home/hcoda1/8/ssinghal74/scratch/mel-dataset/converted/kmer_P1a.mtx
Number of Vertices: 139353211
Number of Edges: 297829984
Sorting el for all G(V) takes 0.040 seconds
Time taken for matching: 0.937


== kmer_P1a.mtx | 16 nodes ==
Graph Matching 1/2-Approx Actor Version
Reading file takes 1.443 seconds
File /storage/home/hcoda1/8/ssinghal74/scratch/mel-dataset/converted/kmer_P1a.mtx
Number of Vertices: 139353211
Number of Edges: 297829984
Sorting el for all G(V) takes 0.026 seconds
Time taken for matching: 0.524


== kmer_P1a.mtx | 32 nodes ==
Graph Matching 1/2-Approx Actor Version
Reading file takes 0.977 seconds
File /storage/home/hcoda1/8/ssinghal74/scratch/mel-dataset/converted/kmer_P1a.mtx
Number of Vertices: 139353211
Number of Edges: 297829984
Sorting el for all G(V) takes 0.014 seconds
Time taken for matching: 0.444


== kmer_P1a.mtx | 64 nodes ==
Graph Matching 1/2-Approx Actor Version
Reading file takes 0.524 seconds
File /storage/home/hcoda1/8/ssinghal74/scratch/mel-dataset/converted/kmer_P1a.mtx
Number of Vertices: 139353211
Number of Edges: 297829984
Sorting el for all G(V) takes 0.007 seconds
Time taken for matching: 0.305


== kmer_P1a.mtx | 128 nodes ==
Graph Matching 1/2-Approx Actor Version
Reading file takes 0.389 seconds
File /storage/home/hcoda1/8/ssinghal74/scratch/mel-dataset/converted/kmer_P1a.mtx
Number of Vertices: 139353211
Number of Edges: 297829984
Sorting el for all G(V) takes 0.004 seconds
Time taken for matching: 0.284


== kmer_U1a.mtx | 4 nodes ==
Graph Matching 1/2-Approx Actor Version
Reading file takes 3.070 seconds
File /storage/home/hcoda1/8/ssinghal74/scratch/mel-dataset/converted/kmer_U1a.mtx
Number of Vertices: 67716231
Number of Edges: 138778562
Sorting el for all G(V) takes 0.033 seconds
Time taken for matching: 0.649


== kmer_U1a.mtx | 8 nodes ==
Graph Matching 1/2-Approx Actor Version
Reading file takes 1.326 seconds
File /storage/home/hcoda1/8/ssinghal74/scratch/mel-dataset/converted/kmer_U1a.mtx
Number of Vertices: 67716231
Number of Edges: 138778562
Sorting el for all G(V) takes 0.018 seconds
Time taken for matching: 0.379


== kmer_U1a.mtx | 16 nodes ==
Graph Matching 1/2-Approx Actor Version
Reading file takes 0.695 seconds
File /storage/home/hcoda1/8/ssinghal74/scratch/mel-dataset/converted/kmer_U1a.mtx
Number of Vertices: 67716231
Number of Edges: 138778562
Sorting el for all G(V) takes 0.011 seconds
Time taken for matching: 0.193


== kmer_U1a.mtx | 32 nodes ==
Graph Matching 1/2-Approx Actor Version
Reading file takes 0.585 seconds
File /storage/home/hcoda1/8/ssinghal74/scratch/mel-dataset/converted/kmer_U1a.mtx
Number of Vertices: 67716231
Number of Edges: 138778562
Sorting el for all G(V) takes 0.006 seconds
Time taken for matching: 0.225


== kmer_U1a.mtx | 64 nodes ==
Graph Matching 1/2-Approx Actor Version
Reading file takes 0.296 seconds
File /storage/home/hcoda1/8/ssinghal74/scratch/mel-dataset/converted/kmer_U1a.mtx
Number of Vertices: 67716231
Number of Edges: 138778562
Sorting el for all G(V) takes 0.003 seconds
Time taken for matching: 0.106


== kmer_U1a.mtx | 128 nodes ==
Graph Matching 1/2-Approx Actor Version
Reading file takes 0.295 seconds
File /storage/home/hcoda1/8/ssinghal74/scratch/mel-dataset/converted/kmer_U1a.mtx
Number of Vertices: 67716231
Number of Edges: 138778562
Sorting el for all G(V) takes 0.001 seconds
Time taken for matching: 0.101


== kmer_V1r.mtx | 4 nodes ==
Graph Matching 1/2-Approx Actor Version
Reading file takes 8.488 seconds
File /storage/home/hcoda1/8/ssinghal74/scratch/mel-dataset/converted/kmer_V1r.mtx
Number of Vertices: 214005017
Number of Edges: 465410904
Sorting el for all G(V) takes 0.118 seconds
Time taken for matching: 2.029


== kmer_V1r.mtx | 8 nodes ==
Graph Matching 1/2-Approx Actor Version
Reading file takes 4.110 seconds
File /storage/home/hcoda1/8/ssinghal74/scratch/mel-dataset/converted/kmer_V1r.mtx
Number of Vertices: 214005017
Number of Edges: 465410904
Sorting el for all G(V) takes 0.064 seconds
Time taken for matching: 1.154


== kmer_V1r.mtx | 16 nodes ==
Graph Matching 1/2-Approx Actor Version
Reading file takes 2.226 seconds
File /storage/home/hcoda1/8/ssinghal74/scratch/mel-dataset/converted/kmer_V1r.mtx
Number of Vertices: 214005017
Number of Edges: 465410904
Sorting el for all G(V) takes 0.040 seconds
Time taken for matching: 0.566


== kmer_V1r.mtx | 32 nodes ==
Graph Matching 1/2-Approx Actor Version
Reading file takes 1.393 seconds
File /storage/home/hcoda1/8/ssinghal74/scratch/mel-dataset/converted/kmer_V1r.mtx
Number of Vertices: 214005017
Number of Edges: 465410904
Sorting el for all G(V) takes 0.023 seconds
Time taken for matching: 0.447


== kmer_V1r.mtx | 64 nodes ==
Graph Matching 1/2-Approx Actor Version
Reading file takes 0.780 seconds
File /storage/home/hcoda1/8/ssinghal74/scratch/mel-dataset/converted/kmer_V1r.mtx
Number of Vertices: 214005017
Number of Edges: 465410904
Sorting el for all G(V) takes 0.012 seconds
Time taken for matching: 0.324


== kmer_V1r.mtx | 128 nodes ==
Graph Matching 1/2-Approx Actor Version
Reading file takes 0.551 seconds
File /storage/home/hcoda1/8/ssinghal74/scratch/mel-dataset/converted/kmer_V1r.mtx
Number of Vertices: 214005017
Number of Edges: 465410904
Sorting el for all G(V) takes 0.006 seconds
Time taken for matching: 0.154


== kmer_V2a.mtx | 4 nodes ==
Graph Matching 1/2-Approx Actor Version
Reading file takes 2.831 seconds
File /storage/home/hcoda1/8/ssinghal74/scratch/mel-dataset/converted/kmer_V2a.mtx
Number of Vertices: 55042369
Number of Edges: 117217600
Sorting el for all G(V) takes 0.029 seconds
Time taken for matching: 0.584


== kmer_V2a.mtx | 8 nodes ==
Graph Matching 1/2-Approx Actor Version
Reading file takes 1.175 seconds
File /storage/home/hcoda1/8/ssinghal74/scratch/mel-dataset/converted/kmer_V2a.mtx
Number of Vertices: 55042369
Number of Edges: 117217600
Sorting el for all G(V) takes 0.015 seconds
Time taken for matching: 0.354


== kmer_V2a.mtx | 16 nodes ==
Graph Matching 1/2-Approx Actor Version
Reading file takes 0.632 seconds
File /storage/home/hcoda1/8/ssinghal74/scratch/mel-dataset/converted/kmer_V2a.mtx
Number of Vertices: 55042369
Number of Edges: 117217600
Sorting el for all G(V) takes 0.010 seconds
Time taken for matching: 0.203


== kmer_V2a.mtx | 32 nodes ==
Graph Matching 1/2-Approx Actor Version
Reading file takes 0.516 seconds
File /storage/home/hcoda1/8/ssinghal74/scratch/mel-dataset/converted/kmer_V2a.mtx
Number of Vertices: 55042369
Number of Edges: 117217600
Sorting el for all G(V) takes 0.005 seconds
Time taken for matching: 0.258


== kmer_V2a.mtx | 64 nodes ==
Graph Matching 1/2-Approx Actor Version
Reading file takes 0.281 seconds
File /storage/home/hcoda1/8/ssinghal74/scratch/mel-dataset/converted/kmer_V2a.mtx
Number of Vertices: 55042369
Number of Edges: 117217600
Sorting el for all G(V) takes 0.003 seconds
Time taken for matching: 0.142


== kmer_V2a.mtx | 128 nodes ==
Graph Matching 1/2-Approx Actor Version
Reading file takes 0.281 seconds
File /storage/home/hcoda1/8/ssinghal74/scratch/mel-dataset/converted/kmer_V2a.mtx
Number of Vertices: 55042369
Number of Edges: 117217600
Sorting el for all G(V) takes 0.001 seconds
Time taken for matching: 0.138


== static_highOverlap_lowBlockSizeVar_1000000_nodes.mtx | 4 nodes ==
Graph Matching 1/2-Approx Actor Version
Reading file takes 0.948 seconds
File /storage/home/hcoda1/8/ssinghal74/scratch/mel-dataset/converted/static_highOverlap_lowBlockSizeVar_1000000_nodes.mtx
Number of Vertices: 1000001
Number of Edges: 47562866
Sorting el for all G(V) takes 0.010 seconds
Time taken for matching: 0.383


== static_highOverlap_lowBlockSizeVar_1000000_nodes.mtx | 8 nodes ==
Graph Matching 1/2-Approx Actor Version
Reading file takes 0.450 seconds
File /storage/home/hcoda1/8/ssinghal74/scratch/mel-dataset/converted/static_highOverlap_lowBlockSizeVar_1000000_nodes.mtx
Number of Vertices: 1000001
Number of Edges: 47562866
Sorting el for all G(V) takes 0.005 seconds
Time taken for matching: 0.319


== static_highOverlap_lowBlockSizeVar_1000000_nodes.mtx | 16 nodes ==
Graph Matching 1/2-Approx Actor Version
Reading file takes 0.253 seconds
File /storage/home/hcoda1/8/ssinghal74/scratch/mel-dataset/converted/static_highOverlap_lowBlockSizeVar_1000000_nodes.mtx
Number of Vertices: 1000001
Number of Edges: 47562866
Sorting el for all G(V) takes 0.002 seconds
Time taken for matching: 0.261


== static_highOverlap_lowBlockSizeVar_1000000_nodes.mtx | 32 nodes ==
Graph Matching 1/2-Approx Actor Version
Reading file takes 0.343 seconds
File /storage/home/hcoda1/8/ssinghal74/scratch/mel-dataset/converted/static_highOverlap_lowBlockSizeVar_1000000_nodes.mtx
Number of Vertices: 1000001
Number of Edges: 47562866
Sorting el for all G(V) takes 0.001 seconds
Time taken for matching: 0.387


== static_highOverlap_lowBlockSizeVar_1000000_nodes.mtx | 64 nodes ==
Graph Matching 1/2-Approx Actor Version
Reading file takes 0.249 seconds
File /storage/home/hcoda1/8/ssinghal74/scratch/mel-dataset/converted/static_highOverlap_lowBlockSizeVar_1000000_nodes.mtx
Number of Vertices: 1000001
Number of Edges: 47562866
Sorting el for all G(V) takes 0.001 seconds
Time taken for matching: 0.465


== static_highOverlap_lowBlockSizeVar_1000000_nodes.mtx | 128 nodes ==
Graph Matching 1/2-Approx Actor Version
Reading file takes 0.369 seconds
File /storage/home/hcoda1/8/ssinghal74/scratch/mel-dataset/converted/static_highOverlap_lowBlockSizeVar_1000000_nodes.mtx
Number of Vertices: 1000001
Number of Edges: 47562866
Sorting el for all G(V) takes 0.000 seconds
Time taken for matching: 0.521


== static_highOverlap_lowBlockSizeVar_5000000_nodes.mtx | 4 nodes ==
Graph Matching 1/2-Approx Actor Version
Reading file takes 3.626 seconds
File /storage/home/hcoda1/8/ssinghal74/scratch/mel-dataset/converted/static_highOverlap_lowBlockSizeVar_5000000_nodes.mtx
Number of Vertices: 5000001
Number of Edges: 237529656
Sorting el for all G(V) takes 0.052 seconds
Time taken for matching: 1.876


== static_highOverlap_lowBlockSizeVar_5000000_nodes.mtx | 8 nodes ==
Graph Matching 1/2-Approx Actor Version
Reading file takes 1.644 seconds
File /storage/home/hcoda1/8/ssinghal74/scratch/mel-dataset/converted/static_highOverlap_lowBlockSizeVar_5000000_nodes.mtx
Number of Vertices: 5000001
Number of Edges: 237529656
Sorting el for all G(V) takes 0.028 seconds
Time taken for matching: 1.151


== static_highOverlap_lowBlockSizeVar_5000000_nodes.mtx | 16 nodes ==
Graph Matching 1/2-Approx Actor Version
Reading file takes 0.859 seconds
File /storage/home/hcoda1/8/ssinghal74/scratch/mel-dataset/converted/static_highOverlap_lowBlockSizeVar_5000000_nodes.mtx
Number of Vertices: 5000001
Number of Edges: 237529656
Sorting el for all G(V) takes 0.014 seconds
Time taken for matching: 0.673


== static_highOverlap_lowBlockSizeVar_5000000_nodes.mtx | 32 nodes ==
Graph Matching 1/2-Approx Actor Version
Reading file takes 0.664 seconds
File /storage/home/hcoda1/8/ssinghal74/scratch/mel-dataset/converted/static_highOverlap_lowBlockSizeVar_5000000_nodes.mtx
Number of Vertices: 5000001
Number of Edges: 237529656
Sorting el for all G(V) takes 0.007 seconds
Time taken for matching: 0.583


== static_highOverlap_lowBlockSizeVar_5000000_nodes.mtx | 64 nodes ==
Graph Matching 1/2-Approx Actor Version
Reading file takes 0.346 seconds
File /storage/home/hcoda1/8/ssinghal74/scratch/mel-dataset/converted/static_highOverlap_lowBlockSizeVar_5000000_nodes.mtx
Number of Vertices: 5000001
Number of Edges: 237529656
Sorting el for all G(V) takes 0.003 seconds
Time taken for matching: 0.585


== static_highOverlap_lowBlockSizeVar_5000000_nodes.mtx | 128 nodes ==
Graph Matching 1/2-Approx Actor Version
Reading file takes 0.313 seconds
File /storage/home/hcoda1/8/ssinghal74/scratch/mel-dataset/converted/static_highOverlap_lowBlockSizeVar_5000000_nodes.mtx
Number of Vertices: 5000001
Number of Edges: 237529656
Sorting el for all G(V) takes 0.001 seconds
Time taken for matching: 0.618


== static_highOverlap_lowBlockSizeVar_20000000_nodes.mtx | 4 nodes ==
Graph Matching 1/2-Approx Actor Version
Reading file takes 12.494 seconds
File /storage/home/hcoda1/8/ssinghal74/scratch/mel-dataset/converted/static_highOverlap_lowBlockSizeVar_20000000_nodes.mtx
Number of Vertices: 20000001
Number of Edges: 950010974
Sorting el for all G(V) takes 0.218 seconds
Time taken for matching: 8.799


== static_highOverlap_lowBlockSizeVar_20000000_nodes.mtx | 8 nodes ==
Graph Matching 1/2-Approx Actor Version
Reading file takes 6.095 seconds
File /storage/home/hcoda1/8/ssinghal74/scratch/mel-dataset/converted/static_highOverlap_lowBlockSizeVar_20000000_nodes.mtx
Number of Vertices: 20000001
Number of Edges: 950010974
Sorting el for all G(V) takes 0.116 seconds
Time taken for matching: 4.423


== static_highOverlap_lowBlockSizeVar_20000000_nodes.mtx | 16 nodes ==
Graph Matching 1/2-Approx Actor Version
Reading file takes 3.237 seconds
File /storage/home/hcoda1/8/ssinghal74/scratch/mel-dataset/converted/static_highOverlap_lowBlockSizeVar_20000000_nodes.mtx
Number of Vertices: 20000001
Number of Edges: 950010974
Sorting el for all G(V) takes 0.058 seconds
Time taken for matching: 2.193


== static_highOverlap_lowBlockSizeVar_20000000_nodes.mtx | 32 nodes ==
Graph Matching 1/2-Approx Actor Version
Reading file takes 1.948 seconds
File /storage/home/hcoda1/8/ssinghal74/scratch/mel-dataset/converted/static_highOverlap_lowBlockSizeVar_20000000_nodes.mtx
Number of Vertices: 20000001
Number of Edges: 950010974
Sorting el for all G(V) takes 0.029 seconds
Time taken for matching: 1.458


== static_highOverlap_lowBlockSizeVar_20000000_nodes.mtx | 64 nodes ==
Graph Matching 1/2-Approx Actor Version
Reading file takes 1.052 seconds
File /storage/home/hcoda1/8/ssinghal74/scratch/mel-dataset/converted/static_highOverlap_lowBlockSizeVar_20000000_nodes.mtx
Number of Vertices: 20000001
Number of Edges: 950010974
Sorting el for all G(V) takes 0.014 seconds
Time taken for matching: 0.976


== static_highOverlap_lowBlockSizeVar_20000000_nodes.mtx | 128 nodes ==
Graph Matching 1/2-Approx Actor Version
Reading file takes 0.733 seconds
File /storage/home/hcoda1/8/ssinghal74/scratch/mel-dataset/converted/static_highOverlap_lowBlockSizeVar_20000000_nodes.mtx
Number of Vertices: 20000001
Number of Edges: 950010974
Sorting el for all G(V) takes 0.007 seconds
Time taken for matching: 0.815


== com-Orkut.mtx | 4 nodes ==
Graph Matching 1/2-Approx Actor Version
Reading file takes 6.435 seconds
File /storage/home/hcoda1/8/ssinghal74/scratch/mel-dataset/converted/com-Orkut.mtx
Number of Vertices: 3072441
Number of Edges: 234370166
Sorting el for all G(V) takes 0.163 seconds
Time taken for matching: 0.593


== com-Orkut.mtx | 8 nodes ==
Graph Matching 1/2-Approx Actor Version
Reading file takes 2.904 seconds
File /storage/home/hcoda1/8/ssinghal74/scratch/mel-dataset/converted/com-Orkut.mtx
Number of Vertices: 3072441
Number of Edges: 234370166
Sorting el for all G(V) takes 0.082 seconds
Time taken for matching: 0.683


== com-Orkut.mtx | 16 nodes ==
Graph Matching 1/2-Approx Actor Version
Reading file takes 1.456 seconds
File /storage/home/hcoda1/8/ssinghal74/scratch/mel-dataset/converted/com-Orkut.mtx
Number of Vertices: 3072441
Number of Edges: 234370166
Sorting el for all G(V) takes 0.042 seconds
Time taken for matching: 0.759


== com-Orkut.mtx | 32 nodes ==
Graph Matching 1/2-Approx Actor Version
Reading file takes 0.948 seconds
File /storage/home/hcoda1/8/ssinghal74/scratch/mel-dataset/converted/com-Orkut.mtx
Number of Vertices: 3072441
Number of Edges: 234370166
Sorting el for all G(V) takes 0.021 seconds
Time taken for matching: 0.923


== com-Orkut.mtx | 64 nodes ==
Graph Matching 1/2-Approx Actor Version
Reading file takes 1.061 seconds
File /storage/home/hcoda1/8/ssinghal74/scratch/mel-dataset/converted/com-Orkut.mtx
Number of Vertices: 3072441
Number of Edges: 234370166
Sorting el for all G(V) takes 0.011 seconds
Time taken for matching: 1.532


== com-Orkut.mtx | 128 nodes ==
Graph Matching 1/2-Approx Actor Version
Reading file takes 0.373 seconds
File /storage/home/hcoda1/8/ssinghal74/scratch/mel-dataset/converted/com-Orkut.mtx
Number of Vertices: 3072441
Number of Edges: 234370166
Sorting el for all G(V) takes 0.006 seconds
Time taken for matching: 1.748


== com-Friendster.mtx | 4 nodes ==
Graph Matching 1/2-Approx Actor Version
Reading file takes 60.998 seconds
File /storage/home/hcoda1/8/ssinghal74/scratch/mel-dataset/converted/com-Friendster.mtx
Number of Vertices: 65608366
Number of Edges: 3612134270
Sorting el for all G(V) takes 2.701 seconds
Time taken for matching: 8.368


== com-Friendster.mtx | 8 nodes ==
Graph Matching 1/2-Approx Actor Version
Reading file takes 29.972 seconds
File /storage/home/hcoda1/8/ssinghal74/scratch/mel-dataset/converted/com-Friendster.mtx
Number of Vertices: 65608366
Number of Edges: 3612134270
Sorting el for all G(V) takes 1.353 seconds
Time taken for matching: 5.266


== com-Friendster.mtx | 16 nodes ==
Graph Matching 1/2-Approx Actor Version
Reading file takes 15.165 seconds
File /storage/home/hcoda1/8/ssinghal74/scratch/mel-dataset/converted/com-Friendster.mtx
Number of Vertices: 65608366
Number of Edges: 3612134270
Sorting el for all G(V) takes 0.671 seconds
Time taken for matching: 3.525


== com-Friendster.mtx | 32 nodes ==
Graph Matching 1/2-Approx Actor Version
Reading file takes 8.002 seconds
File /storage/home/hcoda1/8/ssinghal74/scratch/mel-dataset/converted/com-Friendster.mtx
Number of Vertices: 65608366
Number of Edges: 3612134270
Sorting el for all G(V) takes 0.334 seconds
Time taken for matching: 2.833


== com-Friendster.mtx | 64 nodes ==
Graph Matching 1/2-Approx Actor Version
Reading file takes 4.846 seconds
File /storage/home/hcoda1/8/ssinghal74/scratch/mel-dataset/converted/com-Friendster.mtx
Number of Vertices: 65608366
Number of Edges: 3612134270
Sorting el for all G(V) takes 0.165 seconds
Time taken for matching: 4.217


== com-Friendster.mtx | 128 nodes ==
Graph Matching 1/2-Approx Actor Version
Reading file takes 3.291 seconds
File /storage/home/hcoda1/8/ssinghal74/scratch/mel-dataset/converted/com-Friendster.mtx
Number of Vertices: 65608366
Number of Edges: 3612134270
Sorting el for all G(V) takes 0.083 seconds
Time taken for matching: 4.550


== rgg_small.mtx | 4 nodes ==
Graph Matching 1/2-Approx Actor Version
Reading file takes 184.699 seconds
File /storage/home/hcoda1/8/ssinghal74/scratch/mel-dataset/converted/rgg_small.mtx
Number of Vertices: 536870912
Number of Edges: 6643450680
Sorting el for all G(V) takes 4.230 seconds
Time taken for matching: 20.645


== rgg_small.mtx | 8 nodes ==
Graph Matching 1/2-Approx Actor Version
Reading file takes 83.392 seconds
File /storage/home/hcoda1/8/ssinghal74/scratch/mel-dataset/converted/rgg_small.mtx
Number of Vertices: 536870912
Number of Edges: 6643450680
Sorting el for all G(V) takes 1.735 seconds
Time taken for matching: 10.084


== rgg_small.mtx | 16 nodes ==
Graph Matching 1/2-Approx Actor Version
Reading file takes 42.368 seconds
File /storage/home/hcoda1/8/ssinghal74/scratch/mel-dataset/converted/rgg_small.mtx
Number of Vertices: 536870912
Number of Edges: 6643450680
Sorting el for all G(V) takes 0.840 seconds
Time taken for matching: 4.927


== rgg_small.mtx | 32 nodes ==
Graph Matching 1/2-Approx Actor Version
Reading file takes 17.406 seconds
File /storage/home/hcoda1/8/ssinghal74/scratch/mel-dataset/converted/rgg_small.mtx
Number of Vertices: 536870912
Number of Edges: 6643450680
Sorting el for all G(V) takes 0.451 seconds
Time taken for matching: 2.754


== rgg_small.mtx | 64 nodes ==
Graph Matching 1/2-Approx Actor Version
Reading file takes 13.781 seconds
File /storage/home/hcoda1/8/ssinghal74/scratch/mel-dataset/converted/rgg_small.mtx
Number of Vertices: 536870912
Number of Edges: 6643450680
Sorting el for all G(V) takes 0.192 seconds
Time taken for matching: 1.273


== rgg_small.mtx | 128 nodes ==
Graph Matching 1/2-Approx Actor Version
Reading file takes 7.856 seconds
File /storage/home/hcoda1/8/ssinghal74/scratch/mel-dataset/converted/rgg_small.mtx
Number of Vertices: 536870912
Number of Edges: 6643450680
Sorting el for all G(V) takes 0.095 seconds
Time taken for matching: 0.747


== rgg_medium.mtx | 4 nodes ==
Graph Matching 1/2-Approx Actor Version
Reading file takes 375.045 seconds
File /storage/home/hcoda1/8/ssinghal74/scratch/mel-dataset/converted/rgg_medium.mtx
Number of Vertices: 1073741824
Number of Edges: 13579379686
slurmstepd: error: Detected 1 oom_kill event in StepId=935625.27. Some of the step tasks have been OOM Killed.


== rgg_medium.mtx | 8 nodes ==
Graph Matching 1/2-Approx Actor Version
Reading file takes 161.772 seconds
File /storage/home/hcoda1/8/ssinghal74/scratch/mel-dataset/converted/rgg_medium.mtx
Number of Vertices: 1073741824
Number of Edges: 13579379686
Sorting el for all G(V) takes 3.671 seconds
Time taken for matching: 21.543


== rgg_medium.mtx | 16 nodes ==
Graph Matching 1/2-Approx Actor Version
Reading file takes 84.538 seconds
File /storage/home/hcoda1/8/ssinghal74/scratch/mel-dataset/converted/rgg_medium.mtx
Number of Vertices: 1073741824
Number of Edges: 13579379686
Sorting el for all G(V) takes 1.773 seconds
Time taken for matching: 10.235


== rgg_medium.mtx | 32 nodes ==
Graph Matching 1/2-Approx Actor Version
Reading file takes 33.666 seconds
File /storage/home/hcoda1/8/ssinghal74/scratch/mel-dataset/converted/rgg_medium.mtx
Number of Vertices: 1073741824
Number of Edges: 13579379686
Sorting el for all G(V) takes 0.852 seconds
Time taken for matching: 5.564


== rgg_medium.mtx | 64 nodes ==
Graph Matching 1/2-Approx Actor Version
Reading file takes 27.475 seconds
File /storage/home/hcoda1/8/ssinghal74/scratch/mel-dataset/converted/rgg_medium.mtx
Number of Vertices: 1073741824
Number of Edges: 13579379686
Sorting el for all G(V) takes 0.405 seconds
Time taken for matching: 2.769


== rgg_medium.mtx | 128 nodes ==
Graph Matching 1/2-Approx Actor Version
Reading file takes 14.012 seconds
File /storage/home/hcoda1/8/ssinghal74/scratch/mel-dataset/converted/rgg_medium.mtx
Number of Vertices: 1073741824
Number of Edges: 13579379686
Sorting el for all G(V) takes 0.198 seconds
Time taken for matching: 1.461

== rgg_big.mtx | 16 nodes ==
Graph Matching 1/2-Approx Actor Version
Reading file takes 194.727 seconds
File /storage/home/hcoda1/8/ssinghal74/scratch/mel-dataset/converted/rgg_big.mtx
Number of Vertices: 2147483648
Number of Edges: 27566246252
Sorting el for all G(V) takes 3.616 seconds
Time taken for matching: 33.002


== rgg_big.mtx | 32 nodes ==
Graph Matching 1/2-Approx Actor Version
Reading file takes 193.466 seconds
File /storage/home/hcoda1/8/ssinghal74/scratch/mel-dataset/converted/rgg_big.mtx
Number of Vertices: 2147483648
Number of Edges: 27566246252
Sorting el for all G(V) takes 1.783 seconds
Time taken for matching: 11.342


== rgg_big.mtx | 64 nodes ==
Graph Matching 1/2-Approx Actor Version
Reading file takes 185.037 seconds
File /storage/home/hcoda1/8/ssinghal74/scratch/mel-dataset/converted/rgg_big.mtx
Number of Vertices: 2147483648
Number of Edges: 27566246252
Sorting el for all G(V) takes 0.852 seconds
Time taken for matching: 5.716


== rgg_big.mtx | 128 nodes ==
Graph Matching 1/2-Approx Actor Version
Reading file takes 25.693 seconds
File /storage/home/hcoda1/8/ssinghal74/scratch/mel-dataset/converted/rgg_big.mtx
Number of Vertices: 2147483648
Number of Edges: 27566246252
Sorting el for all G(V) takes 0.408 seconds
Time taken for matching: 2.921
