== cage15.mtx | 4 cores ==
Graph Matching 1/2-Approx Actor Version
Reading file takes 3.923 seconds
File /storage/home/hcoda1/8/ssinghal74/scratch/mel-dataset/converted/cage15.mtx
Number of Vertices: 52177205
Number of Edges: 94044692
Sorting el for all G(V) takes 0.231 seconds
Time taken for matching: 1.737


== cage15.mtx | 8 cores ==
Graph Matching 1/2-Approx Actor Version
Reading file takes 1.947 seconds
File /storage/home/hcoda1/8/ssinghal74/scratch/mel-dataset/converted/cage15.mtx
Number of Vertices: 52177205
Number of Edges: 94044692
Sorting el for all G(V) takes 0.089 seconds
Time taken for matching: 1.019


== cage15.mtx | 16 cores ==
Graph Matching 1/2-Approx Actor Version
Reading file takes 1.187 seconds
File /storage/home/hcoda1/8/ssinghal74/scratch/mel-dataset/converted/cage15.mtx
Number of Vertices: 52177205
Number of Edges: 94044692
Sorting el for all G(V) takes 0.036 seconds
Time taken for matching: 0.561


== cage15.mtx | 32 cores ==
Graph Matching 1/2-Approx Actor Version
Reading file takes 0.891 seconds
File /storage/home/hcoda1/8/ssinghal74/scratch/mel-dataset/converted/cage15.mtx
Number of Vertices: 52177205
Number of Edges: 94044692
Sorting el for all G(V) takes 0.014 seconds
Time taken for matching: 0.444


== cage15.mtx | 64 cores ==
Graph Matching 1/2-Approx Actor Version
Reading file takes 0.504 seconds
File /storage/home/hcoda1/8/ssinghal74/scratch/mel-dataset/converted/cage15.mtx
Number of Vertices: 52177205
Number of Edges: 94044692
Sorting el for all G(V) takes 0.006 seconds
Time taken for matching: 0.475


== cage15.mtx | 128 cores ==
Graph Matching 1/2-Approx Actor Version
Reading file takes 0.433 seconds
File /storage/home/hcoda1/8/ssinghal74/scratch/mel-dataset/converted/cage15.mtx
Number of Vertices: 52177205
Number of Edges: 94044692
Sorting el for all G(V) takes 0.002 seconds
Time taken for matching: 0.373


== HV15R.mtx | 4 cores ==
Graph Matching 1/2-Approx Actor Version
Reading file takes 34.328 seconds
File /storage/home/hcoda1/8/ssinghal74/scratch/mel-dataset/converted/HV15R.mtx
Number of Vertices: 164374738
Number of Edges: 324715138
Sorting el for all G(V) takes 14.911 seconds
Time taken for matching: 10.051


== HV15R.mtx | 8 cores ==
Graph Matching 1/2-Approx Actor Version
Reading file takes 21.437 seconds
File /storage/home/hcoda1/8/ssinghal74/scratch/mel-dataset/converted/HV15R.mtx
Number of Vertices: 164374738
Number of Edges: 324715138
Sorting el for all G(V) takes 9.595 seconds
Time taken for matching: 6.098


== HV15R.mtx | 16 cores ==
Graph Matching 1/2-Approx Actor Version
Reading file takes 11.020 seconds
File /storage/home/hcoda1/8/ssinghal74/scratch/mel-dataset/converted/HV15R.mtx
Number of Vertices: 164374738
Number of Edges: 324715138
Sorting el for all G(V) takes 4.773 seconds
Time taken for matching: 3.429


== HV15R.mtx | 32 cores ==
Graph Matching 1/2-Approx Actor Version
Reading file takes 5.698 seconds
File /storage/home/hcoda1/8/ssinghal74/scratch/mel-dataset/converted/HV15R.mtx
Number of Vertices: 164374738
Number of Edges: 324715138
Sorting el for all G(V) takes 2.342 seconds
Time taken for matching: 2.361


== HV15R.mtx | 64 cores ==
Graph Matching 1/2-Approx Actor Version
Reading file takes 3.638 seconds
File /storage/home/hcoda1/8/ssinghal74/scratch/mel-dataset/converted/HV15R.mtx
Number of Vertices: 164374738
Number of Edges: 324715138
Sorting el for all G(V) takes 1.173 seconds
Time taken for matching: 2.914


== HV15R.mtx | 128 cores ==
Graph Matching 1/2-Approx Actor Version
Reading file takes 2.118 seconds
File /storage/home/hcoda1/8/ssinghal74/scratch/mel-dataset/converted/HV15R.mtx
Number of Vertices: 164374738
Number of Edges: 324715138
Sorting el for all G(V) takes 0.592 seconds
Time taken for matching: 2.543


== graph500-scale21-ef16_adj.mtx | 4 cores ==
Graph Matching 1/2-Approx Actor Version
Reading file takes 2.250 seconds
File /storage/home/hcoda1/8/ssinghal74/scratch/mel-dataset/converted/graph500-scale21-ef16_adj.mtx
Number of Vertices: 1243072
Number of Edges: 63463300
Sorting el for all G(V) takes 0.123 seconds
Time taken for matching: 0.350


== graph500-scale21-ef16_adj.mtx | 8 cores ==
Graph Matching 1/2-Approx Actor Version
Reading file takes 0.967 seconds
File /storage/home/hcoda1/8/ssinghal74/scratch/mel-dataset/converted/graph500-scale21-ef16_adj.mtx
Number of Vertices: 1243072
Number of Edges: 63463300
Sorting el for all G(V) takes 0.025 seconds
Time taken for matching: 0.436


== graph500-scale21-ef16_adj.mtx | 16 cores ==
Graph Matching 1/2-Approx Actor Version
Reading file takes 0.595 seconds
File /storage/home/hcoda1/8/ssinghal74/scratch/mel-dataset/converted/graph500-scale21-ef16_adj.mtx
Number of Vertices: 1243072
Number of Edges: 63463300
Sorting el for all G(V) takes 0.022 seconds
Time taken for matching: 0.435


== graph500-scale21-ef16_adj.mtx | 32 cores ==
Graph Matching 1/2-Approx Actor Version
Reading file takes 0.560 seconds
File /storage/home/hcoda1/8/ssinghal74/scratch/mel-dataset/converted/graph500-scale21-ef16_adj.mtx
Number of Vertices: 1243072
Number of Edges: 63463300
Sorting el for all G(V) takes 0.019 seconds
Time taken for matching: 0.591


== graph500-scale21-ef16_adj.mtx | 64 cores ==
Graph Matching 1/2-Approx Actor Version
Reading file takes 1.235 seconds
File /storage/home/hcoda1/8/ssinghal74/scratch/mel-dataset/converted/graph500-scale21-ef16_adj.mtx
Number of Vertices: 1243072
Number of Edges: 63463300
Sorting el for all G(V) takes 0.017 seconds
Time taken for matching: 1.299


== graph500-scale21-ef16_adj.mtx | 128 cores ==
Graph Matching 1/2-Approx Actor Version
Reading file takes 0.360 seconds
File /storage/home/hcoda1/8/ssinghal74/scratch/mel-dataset/converted/graph500-scale21-ef16_adj.mtx
Number of Vertices: 1243072
Number of Edges: 63463300
Sorting el for all G(V) takes 0.017 seconds
Time taken for matching: 1.435


== graph500-scale22-ef16_adj.mtx | 4 cores ==
Graph Matching 1/2-Approx Actor Version
Reading file takes 3.884 seconds
File /storage/home/hcoda1/8/ssinghal74/scratch/mel-dataset/converted/graph500-scale22-ef16_adj.mtx
Number of Vertices: 2393285
Number of Edges: 128194008
Sorting el for all G(V) takes 0.398 seconds
Time taken for matching: 0.375


== graph500-scale22-ef16_adj.mtx | 8 cores ==
Graph Matching 1/2-Approx Actor Version
Reading file takes 1.755 seconds
File /storage/home/hcoda1/8/ssinghal74/scratch/mel-dataset/converted/graph500-scale22-ef16_adj.mtx
Number of Vertices: 2393285
Number of Edges: 128194008
Sorting el for all G(V) takes 0.089 seconds
Time taken for matching: 0.545


== graph500-scale22-ef16_adj.mtx | 16 cores ==
Graph Matching 1/2-Approx Actor Version
Reading file takes 1.118 seconds
File /storage/home/hcoda1/8/ssinghal74/scratch/mel-dataset/converted/graph500-scale22-ef16_adj.mtx
Number of Vertices: 2393285
Number of Edges: 128194008
Sorting el for all G(V) takes 0.040 seconds
Time taken for matching: 0.497


== graph500-scale22-ef16_adj.mtx | 32 cores ==
Graph Matching 1/2-Approx Actor Version
Reading file takes 0.831 seconds
File /storage/home/hcoda1/8/ssinghal74/scratch/mel-dataset/converted/graph500-scale22-ef16_adj.mtx
Number of Vertices: 2393285
Number of Edges: 128194008
Sorting el for all G(V) takes 0.035 seconds
Time taken for matching: 0.615


== graph500-scale22-ef16_adj.mtx | 64 cores ==
Graph Matching 1/2-Approx Actor Version
Reading file takes 2.010 seconds
File /storage/home/hcoda1/8/ssinghal74/scratch/mel-dataset/converted/graph500-scale22-ef16_adj.mtx
Number of Vertices: 2393285
Number of Edges: 128194008
Sorting el for all G(V) takes 0.029 seconds
Time taken for matching: 1.889


== graph500-scale22-ef16_adj.mtx | 128 cores ==
Graph Matching 1/2-Approx Actor Version
Reading file takes 0.789 seconds
File /storage/home/hcoda1/8/ssinghal74/scratch/mel-dataset/converted/graph500-scale22-ef16_adj.mtx
Number of Vertices: 2393285
Number of Edges: 128194008
Sorting el for all G(V) takes 0.027 seconds
Time taken for matching: 1.382


== graph500-scale23-ef16_adj.mtx | 4 cores ==
Graph Matching 1/2-Approx Actor Version
Reading file takes 7.594 seconds
File /storage/home/hcoda1/8/ssinghal74/scratch/mel-dataset/converted/graph500-scale23-ef16_adj.mtx
Number of Vertices: 4606314
Number of Edges: 258501410
Sorting el for all G(V) takes 0.943 seconds
Time taken for matching: 0.552


== graph500-scale23-ef16_adj.mtx | 8 cores ==
Graph Matching 1/2-Approx Actor Version
Reading file takes 3.996 seconds
File /storage/home/hcoda1/8/ssinghal74/scratch/mel-dataset/converted/graph500-scale23-ef16_adj.mtx
Number of Vertices: 4606314
Number of Edges: 258501410
Sorting el for all G(V) takes 0.605 seconds
Time taken for matching: 0.431


== graph500-scale23-ef16_adj.mtx | 16 cores ==
Graph Matching 1/2-Approx Actor Version
Reading file takes 2.399 seconds
File /storage/home/hcoda1/8/ssinghal74/scratch/mel-dataset/converted/graph500-scale23-ef16_adj.mtx
Number of Vertices: 4606314
Number of Edges: 258501410
Sorting el for all G(V) takes 0.128 seconds
Time taken for matching: 0.789


== graph500-scale23-ef16_adj.mtx | 32 cores ==
Graph Matching 1/2-Approx Actor Version
Reading file takes 1.433 seconds
File /storage/home/hcoda1/8/ssinghal74/scratch/mel-dataset/converted/graph500-scale23-ef16_adj.mtx
Number of Vertices: 4606314
Number of Edges: 258501410
Sorting el for all G(V) takes 0.064 seconds
Time taken for matching: 0.758


== graph500-scale23-ef16_adj.mtx | 64 cores ==
Graph Matching 1/2-Approx Actor Version
Reading file takes 4.308 seconds
File /storage/home/hcoda1/8/ssinghal74/scratch/mel-dataset/converted/graph500-scale23-ef16_adj.mtx
Number of Vertices: 4606314
Number of Edges: 258501410
Sorting el for all G(V) takes 0.056 seconds
Time taken for matching: 2.640


== graph500-scale23-ef16_adj.mtx | 128 cores ==
Graph Matching 1/2-Approx Actor Version
Reading file takes 1.840 seconds
File /storage/home/hcoda1/8/ssinghal74/scratch/mel-dataset/converted/graph500-scale23-ef16_adj.mtx
Number of Vertices: 4606314
Number of Edges: 258501410
Sorting el for all G(V) takes 0.046 seconds
Time taken for matching: 2.137


== graph500-scale24-ef16_adj.mtx | 4 cores ==
Graph Matching 1/2-Approx Actor Version
Reading file takes 12.709 seconds
File /storage/home/hcoda1/8/ssinghal74/scratch/mel-dataset/converted/graph500-scale24-ef16_adj.mtx
Number of Vertices: 8860450
Number of Edges: 520523686
Sorting el for all G(V) takes 0.224 seconds
Time taken for matching: 2.484


== graph500-scale24-ef16_adj.mtx | 8 cores ==
Graph Matching 1/2-Approx Actor Version
Reading file takes 7.007 seconds
File /storage/home/hcoda1/8/ssinghal74/scratch/mel-dataset/converted/graph500-scale24-ef16_adj.mtx
Number of Vertices: 8860450
Number of Edges: 520523686
Sorting el for all G(V) takes 0.146 seconds
Time taken for matching: 1.897


== graph500-scale24-ef16_adj.mtx | 16 cores ==
Graph Matching 1/2-Approx Actor Version
Reading file takes 4.672 seconds
File /storage/home/hcoda1/8/ssinghal74/scratch/mel-dataset/converted/graph500-scale24-ef16_adj.mtx
Number of Vertices: 8860450
Number of Edges: 520523686
Sorting el for all G(V) takes 0.113 seconds
Time taken for matching: 1.505


== graph500-scale24-ef16_adj.mtx | 32 cores ==
Graph Matching 1/2-Approx Actor Version
Reading file takes 2.685 seconds
File /storage/home/hcoda1/8/ssinghal74/scratch/mel-dataset/converted/graph500-scale24-ef16_adj.mtx
Number of Vertices: 8860450
Number of Edges: 520523686
Sorting el for all G(V) takes 0.083 seconds
Time taken for matching: 1.443


== graph500-scale24-ef16_adj.mtx | 64 cores ==
Graph Matching 1/2-Approx Actor Version
Reading file takes 4.271 seconds
File /storage/home/hcoda1/8/ssinghal74/scratch/mel-dataset/converted/graph500-scale24-ef16_adj.mtx
Number of Vertices: 8860450
Number of Edges: 520523686
Sorting el for all G(V) takes 0.079 seconds
Time taken for matching: 3.105


== graph500-scale24-ef16_adj.mtx | 128 cores ==
Graph Matching 1/2-Approx Actor Version
Reading file takes 3.540 seconds
File /storage/home/hcoda1/8/ssinghal74/scratch/mel-dataset/converted/graph500-scale24-ef16_adj.mtx
Number of Vertices: 8860450
Number of Edges: 520523686
Sorting el for all G(V) takes 0.076 seconds
Time taken for matching: 3.617


== kmer_P1a.mtx | 4 cores ==
Graph Matching 1/2-Approx Actor Version
Reading file takes 5.988 seconds
File /storage/home/hcoda1/8/ssinghal74/scratch/mel-dataset/converted/kmer_P1a.mtx
Number of Vertices: 139353211
Number of Edges: 297829984
Sorting el for all G(V) takes 0.066 seconds
Time taken for matching: 2.213


== kmer_P1a.mtx | 8 cores ==
Graph Matching 1/2-Approx Actor Version
Reading file takes 3.104 seconds
File /storage/home/hcoda1/8/ssinghal74/scratch/mel-dataset/converted/kmer_P1a.mtx
Number of Vertices: 139353211
Number of Edges: 297829984
Sorting el for all G(V) takes 0.033 seconds
Time taken for matching: 1.232


== kmer_P1a.mtx | 16 cores ==
Graph Matching 1/2-Approx Actor Version
Reading file takes 1.891 seconds
File /storage/home/hcoda1/8/ssinghal74/scratch/mel-dataset/converted/kmer_P1a.mtx
Number of Vertices: 139353211
Number of Edges: 297829984
Sorting el for all G(V) takes 0.016 seconds
Time taken for matching: 0.623


== kmer_P1a.mtx | 32 cores ==
Graph Matching 1/2-Approx Actor Version
Reading file takes 1.201 seconds
File /storage/home/hcoda1/8/ssinghal74/scratch/mel-dataset/converted/kmer_P1a.mtx
Number of Vertices: 139353211
Number of Edges: 297829984
Sorting el for all G(V) takes 0.008 seconds
Time taken for matching: 0.479


== kmer_P1a.mtx | 64 cores ==
Graph Matching 1/2-Approx Actor Version
Reading file takes 1.039 seconds
File /storage/home/hcoda1/8/ssinghal74/scratch/mel-dataset/converted/kmer_P1a.mtx
Number of Vertices: 139353211
Number of Edges: 297829984
Sorting el for all G(V) takes 0.004 seconds
Time taken for matching: 1.193


== kmer_P1a.mtx | 128 cores ==
Graph Matching 1/2-Approx Actor Version
Reading file takes 1.608 seconds
File /storage/home/hcoda1/8/ssinghal74/scratch/mel-dataset/converted/kmer_P1a.mtx
Number of Vertices: 139353211
Number of Edges: 297829984
Sorting el for all G(V) takes 0.002 seconds
Time taken for matching: 1.646


== kmer_U1a.mtx | 4 cores ==
Graph Matching 1/2-Approx Actor Version
Reading file takes 3.335 seconds
File /storage/home/hcoda1/8/ssinghal74/scratch/mel-dataset/converted/kmer_U1a.mtx
Number of Vertices: 67716231
Number of Edges: 138778562
Sorting el for all G(V) takes 0.029 seconds
Time taken for matching: 0.939


== kmer_U1a.mtx | 8 cores ==
Graph Matching 1/2-Approx Actor Version
Reading file takes 1.469 seconds
File /storage/home/hcoda1/8/ssinghal74/scratch/mel-dataset/converted/kmer_U1a.mtx
Number of Vertices: 67716231
Number of Edges: 138778562
Sorting el for all G(V) takes 0.015 seconds
Time taken for matching: 0.466


== kmer_U1a.mtx | 16 cores ==
Graph Matching 1/2-Approx Actor Version
Reading file takes 0.840 seconds
File /storage/home/hcoda1/8/ssinghal74/scratch/mel-dataset/converted/kmer_U1a.mtx
Number of Vertices: 67716231
Number of Edges: 138778562
Sorting el for all G(V) takes 0.007 seconds
Time taken for matching: 0.242


== kmer_U1a.mtx | 32 cores ==
Graph Matching 1/2-Approx Actor Version
Reading file takes 0.731 seconds
File /storage/home/hcoda1/8/ssinghal74/scratch/mel-dataset/converted/kmer_U1a.mtx
Number of Vertices: 67716231
Number of Edges: 138778562
Sorting el for all G(V) takes 0.004 seconds
Time taken for matching: 0.237


== kmer_U1a.mtx | 64 cores ==
Graph Matching 1/2-Approx Actor Version
Reading file takes 0.639 seconds
File /storage/home/hcoda1/8/ssinghal74/scratch/mel-dataset/converted/kmer_U1a.mtx
Number of Vertices: 67716231
Number of Edges: 138778562
Sorting el for all G(V) takes 0.002 seconds
Time taken for matching: 0.987


== kmer_U1a.mtx | 128 cores ==
Graph Matching 1/2-Approx Actor Version
Reading file takes 0.509 seconds
File /storage/home/hcoda1/8/ssinghal74/scratch/mel-dataset/converted/kmer_U1a.mtx
Number of Vertices: 67716231
Number of Edges: 138778562
Sorting el for all G(V) takes 0.001 seconds
Time taken for matching: 0.920


== kmer_V1r.mtx | 4 cores ==
Graph Matching 1/2-Approx Actor Version
Reading file takes 9.171 seconds
File /storage/home/hcoda1/8/ssinghal74/scratch/mel-dataset/converted/kmer_V1r.mtx
Number of Vertices: 214005017
Number of Edges: 465410904
Sorting el for all G(V) takes 0.104 seconds
Time taken for matching: 2.816


== kmer_V1r.mtx | 8 cores ==
Graph Matching 1/2-Approx Actor Version
Reading file takes 5.046 seconds
File /storage/home/hcoda1/8/ssinghal74/scratch/mel-dataset/converted/kmer_V1r.mtx
Number of Vertices: 214005017
Number of Edges: 465410904
Sorting el for all G(V) takes 0.053 seconds
Time taken for matching: 1.435


== kmer_V1r.mtx | 16 cores ==
Graph Matching 1/2-Approx Actor Version
Reading file takes 2.796 seconds
File /storage/home/hcoda1/8/ssinghal74/scratch/mel-dataset/converted/kmer_V1r.mtx
Number of Vertices: 214005017
Number of Edges: 465410904
Sorting el for all G(V) takes 0.027 seconds
Time taken for matching: 0.724


== kmer_V1r.mtx | 32 cores ==
Graph Matching 1/2-Approx Actor Version
Reading file takes 1.718 seconds
File /storage/home/hcoda1/8/ssinghal74/scratch/mel-dataset/converted/kmer_V1r.mtx
Number of Vertices: 214005017
Number of Edges: 465410904
Sorting el for all G(V) takes 0.013 seconds
Time taken for matching: 0.461


== kmer_V1r.mtx | 64 cores ==
Graph Matching 1/2-Approx Actor Version
Reading file takes 2.052 seconds
File /storage/home/hcoda1/8/ssinghal74/scratch/mel-dataset/converted/kmer_V1r.mtx
Number of Vertices: 214005017
Number of Edges: 465410904
Sorting el for all G(V) takes 0.006 seconds
Time taken for matching: 1.443


== kmer_V1r.mtx | 128 cores ==
Graph Matching 1/2-Approx Actor Version
Reading file takes 3.107 seconds
File /storage/home/hcoda1/8/ssinghal74/scratch/mel-dataset/converted/kmer_V1r.mtx
Number of Vertices: 214005017
Number of Edges: 465410904
Sorting el for all G(V) takes 0.003 seconds
Time taken for matching: 1.297


== kmer_V2a.mtx | 4 cores ==
Graph Matching 1/2-Approx Actor Version
Reading file takes 2.905 seconds
File /storage/home/hcoda1/8/ssinghal74/scratch/mel-dataset/converted/kmer_V2a.mtx
Number of Vertices: 55042369
Number of Edges: 117217600
Sorting el for all G(V) takes 0.025 seconds
Time taken for matching: 0.787


== kmer_V2a.mtx | 8 cores ==
Graph Matching 1/2-Approx Actor Version
Reading file takes 1.312 seconds
File /storage/home/hcoda1/8/ssinghal74/scratch/mel-dataset/converted/kmer_V2a.mtx
Number of Vertices: 55042369
Number of Edges: 117217600
Sorting el for all G(V) takes 0.013 seconds
Time taken for matching: 0.427


== kmer_V2a.mtx | 16 cores ==
Graph Matching 1/2-Approx Actor Version
Reading file takes 0.752 seconds
File /storage/home/hcoda1/8/ssinghal74/scratch/mel-dataset/converted/kmer_V2a.mtx
Number of Vertices: 55042369
Number of Edges: 117217600
Sorting el for all G(V) takes 0.006 seconds
Time taken for matching: 0.227


== kmer_V2a.mtx | 32 cores ==
Graph Matching 1/2-Approx Actor Version
Reading file takes 0.665 seconds
File /storage/home/hcoda1/8/ssinghal74/scratch/mel-dataset/converted/kmer_V2a.mtx
Number of Vertices: 55042369
Number of Edges: 117217600
Sorting el for all G(V) takes 0.003 seconds
Time taken for matching: 0.234


== kmer_V2a.mtx | 64 cores ==
Graph Matching 1/2-Approx Actor Version
Reading file takes 0.677 seconds
File /storage/home/hcoda1/8/ssinghal74/scratch/mel-dataset/converted/kmer_V2a.mtx
Number of Vertices: 55042369
Number of Edges: 117217600
Sorting el for all G(V) takes 0.002 seconds
Time taken for matching: 0.976


== kmer_V2a.mtx | 128 cores ==
Graph Matching 1/2-Approx Actor Version
Reading file takes 0.540 seconds
File /storage/home/hcoda1/8/ssinghal74/scratch/mel-dataset/converted/kmer_V2a.mtx
Number of Vertices: 55042369
Number of Edges: 117217600
Sorting el for all G(V) takes 0.001 seconds
Time taken for matching: 0.915


== static_highOverlap_lowBlockSizeVar_1000000_nodes.mtx | 4 cores ==
Graph Matching 1/2-Approx Actor Version
Reading file takes 1.158 seconds
File /storage/home/hcoda1/8/ssinghal74/scratch/mel-dataset/converted/static_highOverlap_lowBlockSizeVar_1000000_nodes.mtx
Number of Vertices: 1000001
Number of Edges: 47562866
Sorting el for all G(V) takes 0.009 seconds
Time taken for matching: 0.771


== static_highOverlap_lowBlockSizeVar_1000000_nodes.mtx | 8 cores ==
Graph Matching 1/2-Approx Actor Version
Reading file takes 0.489 seconds
File /storage/home/hcoda1/8/ssinghal74/scratch/mel-dataset/converted/static_highOverlap_lowBlockSizeVar_1000000_nodes.mtx
Number of Vertices: 1000001
Number of Edges: 47562866
Sorting el for all G(V) takes 0.005 seconds
Time taken for matching: 0.476


== static_highOverlap_lowBlockSizeVar_1000000_nodes.mtx | 16 cores ==
Graph Matching 1/2-Approx Actor Version
Reading file takes 0.328 seconds
File /storage/home/hcoda1/8/ssinghal74/scratch/mel-dataset/converted/static_highOverlap_lowBlockSizeVar_1000000_nodes.mtx
Number of Vertices: 1000001
Number of Edges: 47562866
Sorting el for all G(V) takes 0.002 seconds
Time taken for matching: 0.353


== static_highOverlap_lowBlockSizeVar_1000000_nodes.mtx | 32 cores ==
Graph Matching 1/2-Approx Actor Version
Reading file takes 0.485 seconds
File /storage/home/hcoda1/8/ssinghal74/scratch/mel-dataset/converted/static_highOverlap_lowBlockSizeVar_1000000_nodes.mtx
Number of Vertices: 1000001
Number of Edges: 47562866
Sorting el for all G(V) takes 0.001 seconds
Time taken for matching: 0.442


== static_highOverlap_lowBlockSizeVar_1000000_nodes.mtx | 64 cores ==
Graph Matching 1/2-Approx Actor Version
Reading file takes 0.476 seconds
File /storage/home/hcoda1/8/ssinghal74/scratch/mel-dataset/converted/static_highOverlap_lowBlockSizeVar_1000000_nodes.mtx
Number of Vertices: 1000001
Number of Edges: 47562866
Sorting el for all G(V) takes 0.001 seconds
Time taken for matching: 2.496


== static_highOverlap_lowBlockSizeVar_1000000_nodes.mtx | 128 cores ==
Graph Matching 1/2-Approx Actor Version
Reading file takes 0.475 seconds
File /storage/home/hcoda1/8/ssinghal74/scratch/mel-dataset/converted/static_highOverlap_lowBlockSizeVar_1000000_nodes.mtx
Number of Vertices: 1000001
Number of Edges: 47562866
Sorting el for all G(V) takes 0.000 seconds
Time taken for matching: 2.241


== static_highOverlap_lowBlockSizeVar_5000000_nodes.mtx | 4 cores ==
Graph Matching 1/2-Approx Actor Version
Reading file takes 3.846 seconds
File /storage/home/hcoda1/8/ssinghal74/scratch/mel-dataset/converted/static_highOverlap_lowBlockSizeVar_5000000_nodes.mtx
Number of Vertices: 5000001
Number of Edges: 237529656
Sorting el for all G(V) takes 0.047 seconds
Time taken for matching: 4.971


== static_highOverlap_lowBlockSizeVar_5000000_nodes.mtx | 8 cores ==
Graph Matching 1/2-Approx Actor Version
Reading file takes 1.990 seconds
File /storage/home/hcoda1/8/ssinghal74/scratch/mel-dataset/converted/static_highOverlap_lowBlockSizeVar_5000000_nodes.mtx
Number of Vertices: 5000001
Number of Edges: 237529656
Sorting el for all G(V) takes 0.023 seconds
Time taken for matching: 2.293


== static_highOverlap_lowBlockSizeVar_5000000_nodes.mtx | 16 cores ==
Graph Matching 1/2-Approx Actor Version
Reading file takes 1.075 seconds
File /storage/home/hcoda1/8/ssinghal74/scratch/mel-dataset/converted/static_highOverlap_lowBlockSizeVar_5000000_nodes.mtx
Number of Vertices: 5000001
Number of Edges: 237529656
Sorting el for all G(V) takes 0.011 seconds
Time taken for matching: 1.188


== static_highOverlap_lowBlockSizeVar_5000000_nodes.mtx | 32 cores ==
Graph Matching 1/2-Approx Actor Version
Reading file takes 0.836 seconds
File /storage/home/hcoda1/8/ssinghal74/scratch/mel-dataset/converted/static_highOverlap_lowBlockSizeVar_5000000_nodes.mtx
Number of Vertices: 5000001
Number of Edges: 237529656
Sorting el for all G(V) takes 0.006 seconds
Time taken for matching: 0.844


== static_highOverlap_lowBlockSizeVar_5000000_nodes.mtx | 64 cores ==
Graph Matching 1/2-Approx Actor Version
Reading file takes 1.981 seconds
File /storage/home/hcoda1/8/ssinghal74/scratch/mel-dataset/converted/static_highOverlap_lowBlockSizeVar_5000000_nodes.mtx
Number of Vertices: 5000001
Number of Edges: 237529656
Sorting el for all G(V) takes 0.003 seconds
Time taken for matching: 3.087


== static_highOverlap_lowBlockSizeVar_5000000_nodes.mtx | 128 cores ==
Graph Matching 1/2-Approx Actor Version
Reading file takes 1.050 seconds
File /storage/home/hcoda1/8/ssinghal74/scratch/mel-dataset/converted/static_highOverlap_lowBlockSizeVar_5000000_nodes.mtx
Number of Vertices: 5000001
Number of Edges: 237529656
Sorting el for all G(V) takes 0.001 seconds
Time taken for matching: 3.419


== static_highOverlap_lowBlockSizeVar_20000000_nodes.mtx | 4 cores ==
Graph Matching 1/2-Approx Actor Version
Reading file takes 14.692 seconds
File /storage/home/hcoda1/8/ssinghal74/scratch/mel-dataset/converted/static_highOverlap_lowBlockSizeVar_20000000_nodes.mtx
Number of Vertices: 20000001
Number of Edges: 950010974
Sorting el for all G(V) takes 0.190 seconds
Time taken for matching: 23.458


== static_highOverlap_lowBlockSizeVar_20000000_nodes.mtx | 8 cores ==
Graph Matching 1/2-Approx Actor Version
Reading file takes 7.626 seconds
File /storage/home/hcoda1/8/ssinghal74/scratch/mel-dataset/converted/static_highOverlap_lowBlockSizeVar_20000000_nodes.mtx
Number of Vertices: 20000001
Number of Edges: 950010974
Sorting el for all G(V) takes 0.094 seconds
Time taken for matching: 12.004


== static_highOverlap_lowBlockSizeVar_20000000_nodes.mtx | 16 cores ==
Graph Matching 1/2-Approx Actor Version
Reading file takes 4.281 seconds
File /storage/home/hcoda1/8/ssinghal74/scratch/mel-dataset/converted/static_highOverlap_lowBlockSizeVar_20000000_nodes.mtx
Number of Vertices: 20000001
Number of Edges: 950010974
Sorting el for all G(V) takes 0.048 seconds
Time taken for matching: 5.608


== static_highOverlap_lowBlockSizeVar_20000000_nodes.mtx | 32 cores ==
Graph Matching 1/2-Approx Actor Version
Reading file takes 2.488 seconds
File /storage/home/hcoda1/8/ssinghal74/scratch/mel-dataset/converted/static_highOverlap_lowBlockSizeVar_20000000_nodes.mtx
Number of Vertices: 20000001
Number of Edges: 950010974
Sorting el for all G(V) takes 0.023 seconds
Time taken for matching: 2.886


== static_highOverlap_lowBlockSizeVar_20000000_nodes.mtx | 64 cores ==
Graph Matching 1/2-Approx Actor Version
Reading file takes 5.017 seconds
File /storage/home/hcoda1/8/ssinghal74/scratch/mel-dataset/converted/static_highOverlap_lowBlockSizeVar_20000000_nodes.mtx
Number of Vertices: 20000001
Number of Edges: 950010974
Sorting el for all G(V) takes 0.012 seconds
Time taken for matching: 5.209


== static_highOverlap_lowBlockSizeVar_20000000_nodes.mtx | 128 cores ==
Graph Matching 1/2-Approx Actor Version
Reading file takes 3.370 seconds
File /storage/home/hcoda1/8/ssinghal74/scratch/mel-dataset/converted/static_highOverlap_lowBlockSizeVar_20000000_nodes.mtx
Number of Vertices: 20000001
Number of Edges: 950010974
Sorting el for all G(V) takes 0.006 seconds
Time taken for matching: 6.201


== com-Orkut.mtx | 4 cores ==
Graph Matching 1/2-Approx Actor Version
Reading file takes 7.348 seconds
File /storage/home/hcoda1/8/ssinghal74/scratch/mel-dataset/converted/com-Orkut.mtx
Number of Vertices: 3072441
Number of Edges: 234370166
Sorting el for all G(V) takes 0.510 seconds
Time taken for matching: 0.701


== com-Orkut.mtx | 8 cores ==
Graph Matching 1/2-Approx Actor Version
Reading file takes 5.647 seconds
File /storage/home/hcoda1/8/ssinghal74/scratch/mel-dataset/converted/com-Orkut.mtx
Number of Vertices: 3072441
Number of Edges: 234370166
Sorting el for all G(V) takes 0.153 seconds
Time taken for matching: 0.807


== com-Orkut.mtx | 16 cores ==
Graph Matching 1/2-Approx Actor Version
Reading file takes 4.226 seconds
File /storage/home/hcoda1/8/ssinghal74/scratch/mel-dataset/converted/com-Orkut.mtx
Number of Vertices: 3072441
Number of Edges: 234370166
Sorting el for all G(V) takes 0.077 seconds
Time taken for matching: 0.947


== com-Orkut.mtx | 32 cores ==
Graph Matching 1/2-Approx Actor Version
Reading file takes 3.945 seconds
File /storage/home/hcoda1/8/ssinghal74/scratch/mel-dataset/converted/com-Orkut.mtx
Number of Vertices: 3072441
Number of Edges: 234370166
Sorting el for all G(V) takes 0.040 seconds
Time taken for matching: 1.145


== com-Orkut.mtx | 64 cores ==
Graph Matching 1/2-Approx Actor Version
Reading file takes 2.971 seconds
File /storage/home/hcoda1/8/ssinghal74/scratch/mel-dataset/converted/com-Orkut.mtx
Number of Vertices: 3072441
Number of Edges: 234370166
Sorting el for all G(V) takes 0.018 seconds
Time taken for matching: 2.830


== com-Orkut.mtx | 128 cores ==
Graph Matching 1/2-Approx Actor Version
Reading file takes 1.706 seconds
File /storage/home/hcoda1/8/ssinghal74/scratch/mel-dataset/converted/com-Orkut.mtx
Number of Vertices: 3072441
Number of Edges: 234370166
Sorting el for all G(V) takes 0.009 seconds
Time taken for matching: 2.947


== com-Friendster.mtx | 4 cores ==
Graph Matching 1/2-Approx Actor Version
Reading file takes 77.830 seconds
File /storage/home/hcoda1/8/ssinghal74/scratch/mel-dataset/converted/com-Friendster.mtx
Number of Vertices: 65608366
Number of Edges: 3612134270
Sorting el for all G(V) takes 1.236 seconds
Time taken for matching: 11.517


== com-Friendster.mtx | 8 cores ==
Graph Matching 1/2-Approx Actor Version
Reading file takes 47.715 seconds
File /storage/home/hcoda1/8/ssinghal74/scratch/mel-dataset/converted/com-Friendster.mtx
Number of Vertices: 65608366
Number of Edges: 3612134270
Sorting el for all G(V) takes 0.667 seconds
Time taken for matching: 6.426


== com-Friendster.mtx | 16 cores ==
Graph Matching 1/2-Approx Actor Version
Reading file takes 25.086 seconds
File /storage/home/hcoda1/8/ssinghal74/scratch/mel-dataset/converted/com-Friendster.mtx
Number of Vertices: 65608366
Number of Edges: 3612134270
Sorting el for all G(V) takes 0.358 seconds
Time taken for matching: 4.368


== com-Friendster.mtx | 32 cores ==
Graph Matching 1/2-Approx Actor Version
Reading file takes 12.621 seconds
File /storage/home/hcoda1/8/ssinghal74/scratch/mel-dataset/converted/com-Friendster.mtx
Number of Vertices: 65608366
Number of Edges: 3612134270
Sorting el for all G(V) takes 0.156 seconds
Time taken for matching: 3.219


== com-Friendster.mtx | 64 cores ==
Graph Matching 1/2-Approx Actor Version
Reading file takes 48.061 seconds
File /storage/home/hcoda1/8/ssinghal74/scratch/mel-dataset/converted/com-Friendster.mtx
Number of Vertices: 65608366
Number of Edges: 3612134270
Sorting el for all G(V) takes 0.063 seconds
Time taken for matching: 5.678


== com-Friendster.mtx | 128 cores ==
Graph Matching 1/2-Approx Actor Version
Reading file takes 17.045 seconds
File /storage/home/hcoda1/8/ssinghal74/scratch/mel-dataset/converted/com-Friendster.mtx
Number of Vertices: 65608366
Number of Edges: 3612134270
Sorting el for all G(V) takes 0.034 seconds
Time taken for matching: 7.286


