== cage15.mtx | 4 nodes ==
Graph Matching 1/2-Approx Actor Version
Reading file takes 1.719 seconds
File /storage/home/hcoda1/8/ssinghal74/scratch/mel-dataset/converted/cage15.mtx
Number of Vertices: 52177205
Number of Edges: 94044692
Sorting el for all G(V) takes 0.041 seconds
Time taken for matching: 0.298


== cage15.mtx | 8 nodes ==
Graph Matching 1/2-Approx Actor Version
Reading file takes 0.925 seconds
File /storage/home/hcoda1/8/ssinghal74/scratch/mel-dataset/converted/cage15.mtx
Number of Vertices: 52177205
Number of Edges: 94044692
Sorting el for all G(V) takes 0.022 seconds
Time taken for matching: 0.201


== cage15.mtx | 16 nodes ==
Graph Matching 1/2-Approx Actor Version
Reading file takes 0.502 seconds
File /storage/home/hcoda1/8/ssinghal74/scratch/mel-dataset/converted/cage15.mtx
Number of Vertices: 52177205
Number of Edges: 94044692
Sorting el for all G(V) takes 0.012 seconds
Time taken for matching: 0.149


== cage15.mtx | 32 nodes ==
Graph Matching 1/2-Approx Actor Version
Reading file takes 0.417 seconds
File /storage/home/hcoda1/8/ssinghal74/scratch/mel-dataset/converted/cage15.mtx
Number of Vertices: 52177205
Number of Edges: 94044692
Sorting el for all G(V) takes 0.005 seconds
Time taken for matching: 0.223


== cage15.mtx | 64 nodes ==
Graph Matching 1/2-Approx Actor Version
Reading file takes 0.206 seconds
File /storage/home/hcoda1/8/ssinghal74/scratch/mel-dataset/converted/cage15.mtx
Number of Vertices: 52177205
Number of Edges: 94044692
Sorting el for all G(V) takes 0.003 seconds
Time taken for matching: 0.228


== cage15.mtx | 128 nodes ==
Graph Matching 1/2-Approx Actor Version
Reading file takes 0.201 seconds
File /storage/home/hcoda1/8/ssinghal74/scratch/mel-dataset/converted/cage15.mtx
Number of Vertices: 52177205
Number of Edges: 94044692
Sorting el for all G(V) takes 0.001 seconds
Time taken for matching: 0.256


== HV15R.mtx | 4 nodes ==
Graph Matching 1/2-Approx Actor Version
Reading file takes 6.351 seconds
File /storage/home/hcoda1/8/ssinghal74/scratch/mel-dataset/converted/HV15R.mtx
Number of Vertices: 164374738
Number of Edges: 324715138
Sorting el for all G(V) takes 0.238 seconds
Time taken for matching: 3.207


== HV15R.mtx | 8 nodes ==
Graph Matching 1/2-Approx Actor Version
Reading file takes 2.902 seconds
File /storage/home/hcoda1/8/ssinghal74/scratch/mel-dataset/converted/HV15R.mtx
Number of Vertices: 164374738
Number of Edges: 324715138
Sorting el for all G(V) takes 0.119 seconds
Time taken for matching: 1.933


== HV15R.mtx | 16 nodes ==
Graph Matching 1/2-Approx Actor Version
Reading file takes 1.709 seconds
File /storage/home/hcoda1/8/ssinghal74/scratch/mel-dataset/converted/HV15R.mtx
Number of Vertices: 164374738
Number of Edges: 324715138
Sorting el for all G(V) takes 0.060 seconds
Time taken for matching: 1.466


== HV15R.mtx | 32 nodes ==
Graph Matching 1/2-Approx Actor Version
Reading file takes 0.995 seconds
File /storage/home/hcoda1/8/ssinghal74/scratch/mel-dataset/converted/HV15R.mtx
Number of Vertices: 164374738
Number of Edges: 324715138
Sorting el for all G(V) takes 0.030 seconds
Time taken for matching: 1.224


== HV15R.mtx | 64 nodes ==
Graph Matching 1/2-Approx Actor Version
Reading file takes 0.614 seconds
File /storage/home/hcoda1/8/ssinghal74/scratch/mel-dataset/converted/HV15R.mtx
Number of Vertices: 164374738
Number of Edges: 324715138
Sorting el for all G(V) takes 0.015 seconds
Time taken for matching: 1.681


== HV15R.mtx | 128 nodes ==
Graph Matching 1/2-Approx Actor Version
Reading file takes 0.448 seconds
File /storage/home/hcoda1/8/ssinghal74/scratch/mel-dataset/converted/HV15R.mtx
Number of Vertices: 164374738
Number of Edges: 324715138
Sorting el for all G(V) takes 0.007 seconds
Time taken for matching: 1.906


== graph500-scale21-ef16_adj.mtx | 4 nodes ==
Graph Matching 1/2-Approx Actor Version
Reading file takes 1.849 seconds
File /storage/home/hcoda1/8/ssinghal74/scratch/mel-dataset/converted/graph500-scale21-ef16_adj.mtx
Number of Vertices: 1243072
Number of Edges: 63463300
Sorting el for all G(V) takes 0.066 seconds
Time taken for matching: 0.242


== graph500-scale21-ef16_adj.mtx | 8 nodes ==
Graph Matching 1/2-Approx Actor Version
Reading file takes 0.896 seconds
File /storage/home/hcoda1/8/ssinghal74/scratch/mel-dataset/converted/graph500-scale21-ef16_adj.mtx
Number of Vertices: 1243072
Number of Edges: 63463300
Sorting el for all G(V) takes 0.038 seconds
Time taken for matching: 0.266


== graph500-scale21-ef16_adj.mtx | 16 nodes ==
Graph Matching 1/2-Approx Actor Version
Reading file takes 0.550 seconds
File /storage/home/hcoda1/8/ssinghal74/scratch/mel-dataset/converted/graph500-scale21-ef16_adj.mtx
Number of Vertices: 1243072
Number of Edges: 63463300
Sorting el for all G(V) takes 0.026 seconds
Time taken for matching: 0.350


== graph500-scale21-ef16_adj.mtx | 32 nodes ==
Graph Matching 1/2-Approx Actor Version
Reading file takes 0.414 seconds
File /storage/home/hcoda1/8/ssinghal74/scratch/mel-dataset/converted/graph500-scale21-ef16_adj.mtx
Number of Vertices: 1243072
Number of Edges: 63463300
Sorting el for all G(V) takes 0.019 seconds
Time taken for matching: 0.522


== graph500-scale21-ef16_adj.mtx | 64 nodes ==
Graph Matching 1/2-Approx Actor Version
Reading file takes 0.183 seconds
File /storage/home/hcoda1/8/ssinghal74/scratch/mel-dataset/converted/graph500-scale21-ef16_adj.mtx
Number of Vertices: 1243072
Number of Edges: 63463300
Sorting el for all G(V) takes 0.015 seconds
Time taken for matching: 0.727


== graph500-scale21-ef16_adj.mtx | 128 nodes ==
Graph Matching 1/2-Approx Actor Version
Reading file takes 0.193 seconds
File /storage/home/hcoda1/8/ssinghal74/scratch/mel-dataset/converted/graph500-scale21-ef16_adj.mtx
Number of Vertices: 1243072
Number of Edges: 63463300
Sorting el for all G(V) takes 0.013 seconds
Time taken for matching: 0.967


== graph500-scale22-ef16_adj.mtx | 4 nodes ==
Graph Matching 1/2-Approx Actor Version
Reading file takes 3.285 seconds
File /storage/home/hcoda1/8/ssinghal74/scratch/mel-dataset/converted/graph500-scale22-ef16_adj.mtx
Number of Vertices: 2393285
Number of Edges: 128194008
Sorting el for all G(V) takes 0.123 seconds
Time taken for matching: 0.229


== graph500-scale22-ef16_adj.mtx | 8 nodes ==
Graph Matching 1/2-Approx Actor Version
Reading file takes 1.638 seconds
File /storage/home/hcoda1/8/ssinghal74/scratch/mel-dataset/converted/graph500-scale22-ef16_adj.mtx
Number of Vertices: 2393285
Number of Edges: 128194008
Sorting el for all G(V) takes 0.068 seconds
Time taken for matching: 0.224


== graph500-scale22-ef16_adj.mtx | 16 nodes ==
Graph Matching 1/2-Approx Actor Version
Reading file takes 0.834 seconds
File /storage/home/hcoda1/8/ssinghal74/scratch/mel-dataset/converted/graph500-scale22-ef16_adj.mtx
Number of Vertices: 2393285
Number of Edges: 128194008
Sorting el for all G(V) takes 0.043 seconds
Time taken for matching: 0.245


== graph500-scale22-ef16_adj.mtx | 32 nodes ==
Graph Matching 1/2-Approx Actor Version
Reading file takes 0.594 seconds
File /storage/home/hcoda1/8/ssinghal74/scratch/mel-dataset/converted/graph500-scale22-ef16_adj.mtx
Number of Vertices: 2393285
Number of Edges: 128194008
Sorting el for all G(V) takes 0.032 seconds
Time taken for matching: 0.375


== graph500-scale22-ef16_adj.mtx | 64 nodes ==
Graph Matching 1/2-Approx Actor Version
Reading file takes 0.322 seconds
File /storage/home/hcoda1/8/ssinghal74/scratch/mel-dataset/converted/graph500-scale22-ef16_adj.mtx
Number of Vertices: 2393285
Number of Edges: 128194008
Sorting el for all G(V) takes 0.023 seconds
Time taken for matching: 0.520


== graph500-scale22-ef16_adj.mtx | 128 nodes ==
Graph Matching 1/2-Approx Actor Version
Reading file takes 0.254 seconds
File /storage/home/hcoda1/8/ssinghal74/scratch/mel-dataset/converted/graph500-scale22-ef16_adj.mtx
Number of Vertices: 2393285
Number of Edges: 128194008
Sorting el for all G(V) takes 0.020 seconds
Time taken for matching: 0.668


== graph500-scale23-ef16_adj.mtx | 4 nodes ==
Graph Matching 1/2-Approx Actor Version
Reading file takes 6.483 seconds
File /storage/home/hcoda1/8/ssinghal74/scratch/mel-dataset/converted/graph500-scale23-ef16_adj.mtx
Number of Vertices: 4606314
Number of Edges: 258501410
Sorting el for all G(V) takes 0.254 seconds
Time taken for matching: 0.377


== graph500-scale23-ef16_adj.mtx | 8 nodes ==
Graph Matching 1/2-Approx Actor Version
Reading file takes 3.518 seconds
File /storage/home/hcoda1/8/ssinghal74/scratch/mel-dataset/converted/graph500-scale23-ef16_adj.mtx
Number of Vertices: 4606314
Number of Edges: 258501410
Sorting el for all G(V) takes 0.142 seconds
Time taken for matching: 0.316


== graph500-scale23-ef16_adj.mtx | 16 nodes ==
Graph Matching 1/2-Approx Actor Version
Reading file takes 2.213 seconds
File /storage/home/hcoda1/8/ssinghal74/scratch/mel-dataset/converted/graph500-scale23-ef16_adj.mtx
Number of Vertices: 4606314
Number of Edges: 258501410
Sorting el for all G(V) takes 0.081 seconds
Time taken for matching: 0.341


== graph500-scale23-ef16_adj.mtx | 32 nodes ==
Graph Matching 1/2-Approx Actor Version
Reading file takes 1.001 seconds
File /storage/home/hcoda1/8/ssinghal74/scratch/mel-dataset/converted/graph500-scale23-ef16_adj.mtx
Number of Vertices: 4606314
Number of Edges: 258501410
Sorting el for all G(V) takes 0.053 seconds
Time taken for matching: 0.471


== graph500-scale23-ef16_adj.mtx | 64 nodes ==
Graph Matching 1/2-Approx Actor Version
Reading file takes 0.542 seconds
File /storage/home/hcoda1/8/ssinghal74/scratch/mel-dataset/converted/graph500-scale23-ef16_adj.mtx
Number of Vertices: 4606314
Number of Edges: 258501410
Sorting el for all G(V) takes 0.041 seconds
Time taken for matching: 0.716


== graph500-scale23-ef16_adj.mtx | 128 nodes ==
Graph Matching 1/2-Approx Actor Version
Reading file takes 0.378 seconds
File /storage/home/hcoda1/8/ssinghal74/scratch/mel-dataset/converted/graph500-scale23-ef16_adj.mtx
Number of Vertices: 4606314
Number of Edges: 258501410
Sorting el for all G(V) takes 0.033 seconds
Time taken for matching: 0.856


== graph500-scale24-ef16_adj.mtx | 4 nodes ==
Graph Matching 1/2-Approx Actor Version
Reading file takes 12.311 seconds
File /storage/home/hcoda1/8/ssinghal74/scratch/mel-dataset/converted/graph500-scale24-ef16_adj.mtx
Number of Vertices: 8860450
Number of Edges: 520523686
Sorting el for all G(V) takes 0.545 seconds
Time taken for matching: 0.608


== graph500-scale24-ef16_adj.mtx | 8 nodes ==
Graph Matching 1/2-Approx Actor Version
Reading file takes 6.279 seconds
File /storage/home/hcoda1/8/ssinghal74/scratch/mel-dataset/converted/graph500-scale24-ef16_adj.mtx
Number of Vertices: 8860450
Number of Edges: 520523686
Sorting el for all G(V) takes 0.272 seconds
Time taken for matching: 0.459


== graph500-scale24-ef16_adj.mtx | 16 nodes ==
Graph Matching 1/2-Approx Actor Version
Reading file takes 3.667 seconds
File /storage/home/hcoda1/8/ssinghal74/scratch/mel-dataset/converted/graph500-scale24-ef16_adj.mtx
Number of Vertices: 8860450
Number of Edges: 520523686
Sorting el for all G(V) takes 0.169 seconds
Time taken for matching: 0.468


== graph500-scale24-ef16_adj.mtx | 32 nodes ==
Graph Matching 1/2-Approx Actor Version
Reading file takes 2.739 seconds
File /storage/home/hcoda1/8/ssinghal74/scratch/mel-dataset/converted/graph500-scale24-ef16_adj.mtx
Number of Vertices: 8860450
Number of Edges: 520523686
Sorting el for all G(V) takes 0.105 seconds
Time taken for matching: 0.563


== graph500-scale24-ef16_adj.mtx | 64 nodes ==
Graph Matching 1/2-Approx Actor Version
Reading file takes 1.047 seconds
File /storage/home/hcoda1/8/ssinghal74/scratch/mel-dataset/converted/graph500-scale24-ef16_adj.mtx
Number of Vertices: 8860450
Number of Edges: 520523686
Sorting el for all G(V) takes 0.074 seconds
Time taken for matching: 0.888


== graph500-scale24-ef16_adj.mtx | 128 nodes ==
Graph Matching 1/2-Approx Actor Version
Reading file takes 0.627 seconds
File /storage/home/hcoda1/8/ssinghal74/scratch/mel-dataset/converted/graph500-scale24-ef16_adj.mtx
Number of Vertices: 8860450
Number of Edges: 520523686
Sorting el for all G(V) takes 0.059 seconds
Time taken for matching: 1.054


== kmer_P1a.mtx | 4 nodes ==
Graph Matching 1/2-Approx Actor Version
Reading file takes 5.487 seconds
File /storage/home/hcoda1/8/ssinghal74/scratch/mel-dataset/converted/kmer_P1a.mtx
Number of Vertices: 139353211
Number of Edges: 297829984
Sorting el for all G(V) takes 0.074 seconds
Time taken for matching: 1.522


== kmer_P1a.mtx | 8 nodes ==
Graph Matching 1/2-Approx Actor Version
Reading file takes 2.656 seconds
File /storage/home/hcoda1/8/ssinghal74/scratch/mel-dataset/converted/kmer_P1a.mtx
Number of Vertices: 139353211
Number of Edges: 297829984
Sorting el for all G(V) takes 0.040 seconds
Time taken for matching: 0.829


== kmer_P1a.mtx | 16 nodes ==
Graph Matching 1/2-Approx Actor Version
Reading file takes 1.405 seconds
File /storage/home/hcoda1/8/ssinghal74/scratch/mel-dataset/converted/kmer_P1a.mtx
Number of Vertices: 139353211
Number of Edges: 297829984
Sorting el for all G(V) takes 0.025 seconds
Time taken for matching: 0.489


== kmer_P1a.mtx | 32 nodes ==
Graph Matching 1/2-Approx Actor Version
Reading file takes 0.921 seconds
File /storage/home/hcoda1/8/ssinghal74/scratch/mel-dataset/converted/kmer_P1a.mtx
Number of Vertices: 139353211
Number of Edges: 297829984
Sorting el for all G(V) takes 0.014 seconds
Time taken for matching: 0.421


== kmer_P1a.mtx | 64 nodes ==
Graph Matching 1/2-Approx Actor Version
Reading file takes 0.475 seconds
File /storage/home/hcoda1/8/ssinghal74/scratch/mel-dataset/converted/kmer_P1a.mtx
Number of Vertices: 139353211
Number of Edges: 297829984
Sorting el for all G(V) takes 0.008 seconds
Time taken for matching: 0.291


== kmer_P1a.mtx | 128 nodes ==
Graph Matching 1/2-Approx Actor Version
Reading file takes 0.481 seconds
File /storage/home/hcoda1/8/ssinghal74/scratch/mel-dataset/converted/kmer_P1a.mtx
Number of Vertices: 139353211
Number of Edges: 297829984
Sorting el for all G(V) takes 0.004 seconds
Time taken for matching: 0.280


== kmer_U1a.mtx | 4 nodes ==
Graph Matching 1/2-Approx Actor Version
Reading file takes 2.276 seconds
File /storage/home/hcoda1/8/ssinghal74/scratch/mel-dataset/converted/kmer_U1a.mtx
Number of Vertices: 67716231
Number of Edges: 138778562
Sorting el for all G(V) takes 0.033 seconds
Time taken for matching: 0.598


== kmer_U1a.mtx | 8 nodes ==
Graph Matching 1/2-Approx Actor Version
Reading file takes 1.197 seconds
File /storage/home/hcoda1/8/ssinghal74/scratch/mel-dataset/converted/kmer_U1a.mtx
Number of Vertices: 67716231
Number of Edges: 138778562
Sorting el for all G(V) takes 0.017 seconds
Time taken for matching: 0.332


== kmer_U1a.mtx | 16 nodes ==
Graph Matching 1/2-Approx Actor Version
Reading file takes 1.313 seconds
File /storage/home/hcoda1/8/ssinghal74/scratch/mel-dataset/converted/kmer_U1a.mtx
Number of Vertices: 67716231
Number of Edges: 138778562
Sorting el for all G(V) takes 0.011 seconds
Time taken for matching: 0.182


== kmer_U1a.mtx | 32 nodes ==
Graph Matching 1/2-Approx Actor Version
Reading file takes 0.743 seconds
File /storage/home/hcoda1/8/ssinghal74/scratch/mel-dataset/converted/kmer_U1a.mtx
Number of Vertices: 67716231
Number of Edges: 138778562
Sorting el for all G(V) takes 0.006 seconds
Time taken for matching: 0.214


== kmer_U1a.mtx | 64 nodes ==
Graph Matching 1/2-Approx Actor Version
Reading file takes 0.303 seconds
File /storage/home/hcoda1/8/ssinghal74/scratch/mel-dataset/converted/kmer_U1a.mtx
Number of Vertices: 67716231
Number of Edges: 138778562
Sorting el for all G(V) takes 0.003 seconds
Time taken for matching: 0.108


== kmer_U1a.mtx | 128 nodes ==
Graph Matching 1/2-Approx Actor Version
Reading file takes 0.207 seconds
File /storage/home/hcoda1/8/ssinghal74/scratch/mel-dataset/converted/kmer_U1a.mtx
Number of Vertices: 67716231
Number of Edges: 138778562
Sorting el for all G(V) takes 0.001 seconds
Time taken for matching: 0.098


== kmer_V1r.mtx | 4 nodes ==
Graph Matching 1/2-Approx Actor Version
Reading file takes 8.749 seconds
File /storage/home/hcoda1/8/ssinghal74/scratch/mel-dataset/converted/kmer_V1r.mtx
Number of Vertices: 214005017
Number of Edges: 465410904
Sorting el for all G(V) takes 0.118 seconds
Time taken for matching: 1.951


== kmer_V1r.mtx | 8 nodes ==
Graph Matching 1/2-Approx Actor Version
Reading file takes 4.105 seconds
File /storage/home/hcoda1/8/ssinghal74/scratch/mel-dataset/converted/kmer_V1r.mtx
Number of Vertices: 214005017
Number of Edges: 465410904
Sorting el for all G(V) takes 0.063 seconds
Time taken for matching: 1.008


== kmer_V1r.mtx | 16 nodes ==
Graph Matching 1/2-Approx Actor Version
Reading file takes 2.169 seconds
File /storage/home/hcoda1/8/ssinghal74/scratch/mel-dataset/converted/kmer_V1r.mtx
Number of Vertices: 214005017
Number of Edges: 465410904
Sorting el for all G(V) takes 0.040 seconds
Time taken for matching: 0.594


== kmer_V1r.mtx | 32 nodes ==
Graph Matching 1/2-Approx Actor Version
Reading file takes 1.388 seconds
File /storage/home/hcoda1/8/ssinghal74/scratch/mel-dataset/converted/kmer_V1r.mtx
Number of Vertices: 214005017
Number of Edges: 465410904
Sorting el for all G(V) takes 0.022 seconds
Time taken for matching: 0.405


== kmer_V1r.mtx | 64 nodes ==
Graph Matching 1/2-Approx Actor Version
Reading file takes 0.779 seconds
File /storage/home/hcoda1/8/ssinghal74/scratch/mel-dataset/converted/kmer_V1r.mtx
Number of Vertices: 214005017
Number of Edges: 465410904
Sorting el for all G(V) takes 0.012 seconds
Time taken for matching: 0.207


== kmer_V1r.mtx | 128 nodes ==
Graph Matching 1/2-Approx Actor Version
Reading file takes 0.555 seconds
File /storage/home/hcoda1/8/ssinghal74/scratch/mel-dataset/converted/kmer_V1r.mtx
Number of Vertices: 214005017
Number of Edges: 465410904
Sorting el for all G(V) takes 0.006 seconds
Time taken for matching: 0.146


== kmer_V2a.mtx | 4 nodes ==
Graph Matching 1/2-Approx Actor Version
Reading file takes 3.161 seconds
File /storage/home/hcoda1/8/ssinghal74/scratch/mel-dataset/converted/kmer_V2a.mtx
Number of Vertices: 55042369
Number of Edges: 117217600
Sorting el for all G(V) takes 0.029 seconds
Time taken for matching: 0.530


== kmer_V2a.mtx | 8 nodes ==
Graph Matching 1/2-Approx Actor Version
Reading file takes 1.171 seconds
File /storage/home/hcoda1/8/ssinghal74/scratch/mel-dataset/converted/kmer_V2a.mtx
Number of Vertices: 55042369
Number of Edges: 117217600
Sorting el for all G(V) takes 0.015 seconds
Time taken for matching: 0.309


== kmer_V2a.mtx | 16 nodes ==
Graph Matching 1/2-Approx Actor Version
Reading file takes 0.645 seconds
File /storage/home/hcoda1/8/ssinghal74/scratch/mel-dataset/converted/kmer_V2a.mtx
Number of Vertices: 55042369
Number of Edges: 117217600
Sorting el for all G(V) takes 0.010 seconds
Time taken for matching: 0.194


== kmer_V2a.mtx | 32 nodes ==
Graph Matching 1/2-Approx Actor Version
Reading file takes 0.513 seconds
File /storage/home/hcoda1/8/ssinghal74/scratch/mel-dataset/converted/kmer_V2a.mtx
Number of Vertices: 55042369
Number of Edges: 117217600
Sorting el for all G(V) takes 0.005 seconds
Time taken for matching: 0.197


== kmer_V2a.mtx | 64 nodes ==
Graph Matching 1/2-Approx Actor Version
Reading file takes 0.291 seconds
File /storage/home/hcoda1/8/ssinghal74/scratch/mel-dataset/converted/kmer_V2a.mtx
Number of Vertices: 55042369
Number of Edges: 117217600
Sorting el for all G(V) takes 0.003 seconds
Time taken for matching: 0.135


== kmer_V2a.mtx | 128 nodes ==
Graph Matching 1/2-Approx Actor Version
Reading file takes 0.265 seconds
File /storage/home/hcoda1/8/ssinghal74/scratch/mel-dataset/converted/kmer_V2a.mtx
Number of Vertices: 55042369
Number of Edges: 117217600
Sorting el for all G(V) takes 0.001 seconds
Time taken for matching: 0.139


== static_highOverlap_lowBlockSizeVar_1000000_nodes.mtx | 4 nodes ==
Graph Matching 1/2-Approx Actor Version
Reading file takes 0.981 seconds
File /storage/home/hcoda1/8/ssinghal74/scratch/mel-dataset/converted/static_highOverlap_lowBlockSizeVar_1000000_nodes.mtx
Number of Vertices: 1000001
Number of Edges: 47562866
Sorting el for all G(V) takes 0.010 seconds
Time taken for matching: 0.259


== static_highOverlap_lowBlockSizeVar_1000000_nodes.mtx | 8 nodes ==
Graph Matching 1/2-Approx Actor Version
Reading file takes 0.463 seconds
File /storage/home/hcoda1/8/ssinghal74/scratch/mel-dataset/converted/static_highOverlap_lowBlockSizeVar_1000000_nodes.mtx
Number of Vertices: 1000001
Number of Edges: 47562866
Sorting el for all G(V) takes 0.005 seconds
Time taken for matching: 0.221


== static_highOverlap_lowBlockSizeVar_1000000_nodes.mtx | 16 nodes ==
Graph Matching 1/2-Approx Actor Version
Reading file takes 0.234 seconds
File /storage/home/hcoda1/8/ssinghal74/scratch/mel-dataset/converted/static_highOverlap_lowBlockSizeVar_1000000_nodes.mtx
Number of Vertices: 1000001
Number of Edges: 47562866
Sorting el for all G(V) takes 0.002 seconds
Time taken for matching: 0.224


== static_highOverlap_lowBlockSizeVar_1000000_nodes.mtx | 32 nodes ==
Graph Matching 1/2-Approx Actor Version
Reading file takes 0.345 seconds
File /storage/home/hcoda1/8/ssinghal74/scratch/mel-dataset/converted/static_highOverlap_lowBlockSizeVar_1000000_nodes.mtx
Number of Vertices: 1000001
Number of Edges: 47562866
Sorting el for all G(V) takes 0.001 seconds
Time taken for matching: 0.339


== static_highOverlap_lowBlockSizeVar_1000000_nodes.mtx | 64 nodes ==
Graph Matching 1/2-Approx Actor Version
Reading file takes 0.244 seconds
File /storage/home/hcoda1/8/ssinghal74/scratch/mel-dataset/converted/static_highOverlap_lowBlockSizeVar_1000000_nodes.mtx
Number of Vertices: 1000001
Number of Edges: 47562866
Sorting el for all G(V) takes 0.001 seconds
Time taken for matching: 0.430


== static_highOverlap_lowBlockSizeVar_1000000_nodes.mtx | 128 nodes ==
Graph Matching 1/2-Approx Actor Version
Reading file takes 0.389 seconds
File /storage/home/hcoda1/8/ssinghal74/scratch/mel-dataset/converted/static_highOverlap_lowBlockSizeVar_1000000_nodes.mtx
Number of Vertices: 1000001
Number of Edges: 47562866
Sorting el for all G(V) takes 0.000 seconds
Time taken for matching: 0.494


== static_highOverlap_lowBlockSizeVar_5000000_nodes.mtx | 4 nodes ==
srun: Step created for StepId=712954.182
Graph Matching 1/2-Approx Actor Version
Reading file takes 4.134 seconds
File /storage/home/hcoda1/8/ssinghal74/scratch/mel-dataset/converted/static_highOverlap_lowBlockSizeVar_5000000_nodes.mtx
Number of Vertices: 5000001
Number of Edges: 237529656
Sorting el for all G(V) takes 0.052 seconds
Time taken for matching: 1.040


== static_highOverlap_lowBlockSizeVar_5000000_nodes.mtx | 8 nodes ==
Graph Matching 1/2-Approx Actor Version
Reading file takes 1.626 seconds
File /storage/home/hcoda1/8/ssinghal74/scratch/mel-dataset/converted/static_highOverlap_lowBlockSizeVar_5000000_nodes.mtx
Number of Vertices: 5000001
Number of Edges: 237529656
Sorting el for all G(V) takes 0.028 seconds
Time taken for matching: 0.626


== static_highOverlap_lowBlockSizeVar_5000000_nodes.mtx | 16 nodes ==
Graph Matching 1/2-Approx Actor Version
Reading file takes 0.857 seconds
File /storage/home/hcoda1/8/ssinghal74/scratch/mel-dataset/converted/static_highOverlap_lowBlockSizeVar_5000000_nodes.mtx
Number of Vertices: 5000001
Number of Edges: 237529656
Sorting el for all G(V) takes 0.014 seconds
Time taken for matching: 0.414


== static_highOverlap_lowBlockSizeVar_5000000_nodes.mtx | 32 nodes ==
Graph Matching 1/2-Approx Actor Version
Reading file takes 0.637 seconds
File /storage/home/hcoda1/8/ssinghal74/scratch/mel-dataset/converted/static_highOverlap_lowBlockSizeVar_5000000_nodes.mtx
Number of Vertices: 5000001
Number of Edges: 237529656
Sorting el for all G(V) takes 0.007 seconds
Time taken for matching: 0.441


== static_highOverlap_lowBlockSizeVar_5000000_nodes.mtx | 64 nodes ==
Graph Matching 1/2-Approx Actor Version
Reading file takes 0.362 seconds
File /storage/home/hcoda1/8/ssinghal74/scratch/mel-dataset/converted/static_highOverlap_lowBlockSizeVar_5000000_nodes.mtx
Number of Vertices: 5000001
Number of Edges: 237529656
Sorting el for all G(V) takes 0.003 seconds
Time taken for matching: 0.510


== static_highOverlap_lowBlockSizeVar_5000000_nodes.mtx | 128 nodes ==
Graph Matching 1/2-Approx Actor Version
Reading file takes 0.353 seconds
File /storage/home/hcoda1/8/ssinghal74/scratch/mel-dataset/converted/static_highOverlap_lowBlockSizeVar_5000000_nodes.mtx
Number of Vertices: 5000001
Number of Edges: 237529656
Sorting el for all G(V) takes 0.002 seconds
Time taken for matching: 0.593


== static_highOverlap_lowBlockSizeVar_20000000_nodes.mtx | 4 nodes ==
Graph Matching 1/2-Approx Actor Version
Reading file takes 12.574 seconds
File /storage/home/hcoda1/8/ssinghal74/scratch/mel-dataset/converted/static_highOverlap_lowBlockSizeVar_20000000_nodes.mtx
Number of Vertices: 20000001
Number of Edges: 950010974
Sorting el for all G(V) takes 0.218 seconds
Time taken for matching: 4.975


== static_highOverlap_lowBlockSizeVar_20000000_nodes.mtx | 8 nodes ==
Graph Matching 1/2-Approx Actor Version
Reading file takes 6.061 seconds
File /storage/home/hcoda1/8/ssinghal74/scratch/mel-dataset/converted/static_highOverlap_lowBlockSizeVar_20000000_nodes.mtx
Number of Vertices: 20000001
Number of Edges: 950010974
Sorting el for all G(V) takes 0.115 seconds
Time taken for matching: 2.665


== static_highOverlap_lowBlockSizeVar_20000000_nodes.mtx | 16 nodes ==
Graph Matching 1/2-Approx Actor Version
Reading file takes 3.256 seconds
File /storage/home/hcoda1/8/ssinghal74/scratch/mel-dataset/converted/static_highOverlap_lowBlockSizeVar_20000000_nodes.mtx
Number of Vertices: 20000001
Number of Edges: 950010974
Sorting el for all G(V) takes 0.057 seconds
Time taken for matching: 1.284


== static_highOverlap_lowBlockSizeVar_20000000_nodes.mtx | 32 nodes ==
Graph Matching 1/2-Approx Actor Version
Reading file takes 1.925 seconds
File /storage/home/hcoda1/8/ssinghal74/scratch/mel-dataset/converted/static_highOverlap_lowBlockSizeVar_20000000_nodes.mtx
Number of Vertices: 20000001
Number of Edges: 950010974
Sorting el for all G(V) takes 0.028 seconds
Time taken for matching: 0.871


== static_highOverlap_lowBlockSizeVar_20000000_nodes.mtx | 64 nodes ==
Graph Matching 1/2-Approx Actor Version
Reading file takes 1.064 seconds
File /storage/home/hcoda1/8/ssinghal74/scratch/mel-dataset/converted/static_highOverlap_lowBlockSizeVar_20000000_nodes.mtx
Number of Vertices: 20000001
Number of Edges: 950010974
Sorting el for all G(V) takes 0.014 seconds
Time taken for matching: 0.726


== static_highOverlap_lowBlockSizeVar_20000000_nodes.mtx | 128 nodes ==
Graph Matching 1/2-Approx Actor Version
Reading file takes 0.743 seconds
File /storage/home/hcoda1/8/ssinghal74/scratch/mel-dataset/converted/static_highOverlap_lowBlockSizeVar_20000000_nodes.mtx
Number of Vertices: 20000001
Number of Edges: 950010974
Sorting el for all G(V) takes 0.007 seconds
Time taken for matching: 0.725


== com-Orkut.mtx | 4 nodes ==
Graph Matching 1/2-Approx Actor Version
Reading file takes 6.432 seconds
File /storage/home/hcoda1/8/ssinghal74/scratch/mel-dataset/converted/com-Orkut.mtx
Number of Vertices: 3072441
Number of Edges: 234370166
Sorting el for all G(V) takes 0.163 seconds
Time taken for matching: 0.546


== com-Orkut.mtx | 8 nodes ==
Graph Matching 1/2-Approx Actor Version
Reading file takes 2.786 seconds
File /storage/home/hcoda1/8/ssinghal74/scratch/mel-dataset/converted/com-Orkut.mtx
Number of Vertices: 3072441
Number of Edges: 234370166
Sorting el for all G(V) takes 0.082 seconds
Time taken for matching: 0.528


== com-Orkut.mtx | 16 nodes ==
Graph Matching 1/2-Approx Actor Version
Reading file takes 1.422 seconds
File /storage/home/hcoda1/8/ssinghal74/scratch/mel-dataset/converted/com-Orkut.mtx
Number of Vertices: 3072441
Number of Edges: 234370166
Sorting el for all G(V) takes 0.042 seconds
Time taken for matching: 0.670


== com-Orkut.mtx | 32 nodes ==
Graph Matching 1/2-Approx Actor Version
Reading file takes 0.906 seconds
File /storage/home/hcoda1/8/ssinghal74/scratch/mel-dataset/converted/com-Orkut.mtx
Number of Vertices: 3072441
Number of Edges: 234370166
Sorting el for all G(V) takes 0.021 seconds
Time taken for matching: 0.810


== com-Orkut.mtx | 64 nodes ==
Graph Matching 1/2-Approx Actor Version
Reading file takes 0.525 seconds
File /storage/home/hcoda1/8/ssinghal74/scratch/mel-dataset/converted/com-Orkut.mtx
Number of Vertices: 3072441
Number of Edges: 234370166
Sorting el for all G(V) takes 0.011 seconds
Time taken for matching: 1.418


== com-Orkut.mtx | 128 nodes ==
Graph Matching 1/2-Approx Actor Version
Reading file takes 0.388 seconds
File /storage/home/hcoda1/8/ssinghal74/scratch/mel-dataset/converted/com-Orkut.mtx
Number of Vertices: 3072441
Number of Edges: 234370166
Sorting el for all G(V) takes 0.006 seconds
Time taken for matching: 1.742


== com-Friendster.mtx | 4 nodes ==
Graph Matching 1/2-Approx Actor Version
Reading file takes 60.275 seconds
File /storage/home/hcoda1/8/ssinghal74/scratch/mel-dataset/converted/com-Friendster.mtx
Number of Vertices: 65608366
Number of Edges: 3612134270
Sorting el for all G(V) takes 2.702 seconds
Time taken for matching: 6.615


== com-Friendster.mtx | 8 nodes ==
Graph Matching 1/2-Approx Actor Version
Reading file takes 31.736 seconds
File /storage/home/hcoda1/8/ssinghal74/scratch/mel-dataset/converted/com-Friendster.mtx
Number of Vertices: 65608366
Number of Edges: 3612134270
Sorting el for all G(V) takes 1.353 seconds
Time taken for matching: 3.844


== com-Friendster.mtx | 16 nodes ==
Graph Matching 1/2-Approx Actor Version
Reading file takes 15.028 seconds
File /storage/home/hcoda1/8/ssinghal74/scratch/mel-dataset/converted/com-Friendster.mtx
Number of Vertices: 65608366
Number of Edges: 3612134270
Sorting el for all G(V) takes 0.673 seconds
Time taken for matching: 2.960


== com-Friendster.mtx | 32 nodes ==
Graph Matching 1/2-Approx Actor Version
Reading file takes 8.055 seconds
File /storage/home/hcoda1/8/ssinghal74/scratch/mel-dataset/converted/com-Friendster.mtx
Number of Vertices: 65608366
Number of Edges: 3612134270
Sorting el for all G(V) takes 0.335 seconds
Time taken for matching: 2.432


== com-Friendster.mtx | 64 nodes ==
Graph Matching 1/2-Approx Actor Version
Reading file takes 4.853 seconds
File /storage/home/hcoda1/8/ssinghal74/scratch/mel-dataset/converted/com-Friendster.mtx
Number of Vertices: 65608366
Number of Edges: 3612134270
Sorting el for all G(V) takes 0.165 seconds
Time taken for matching: 3.835


== com-Friendster.mtx | 128 nodes ==
Graph Matching 1/2-Approx Actor Version
Reading file takes 3.632 seconds
File /storage/home/hcoda1/8/ssinghal74/scratch/mel-dataset/converted/com-Friendster.mtx
Number of Vertices: 65608366
Number of Edges: 3612134270
Sorting el for all G(V) takes 0.082 seconds
Time taken for matching: 4.385


== rgg_small.mtx | 4 nodes ==
Graph Matching 1/2-Approx Actor Version
Reading file takes 197.568 seconds
File /storage/home/hcoda1/8/ssinghal74/scratch/mel-dataset/converted/rgg_small.mtx
Number of Vertices: 536870912
Number of Edges: 6643450680
Sorting el for all G(V) takes 3.627 seconds
Time taken for matching: 18.823


== rgg_small.mtx | 8 nodes ==
Graph Matching 1/2-Approx Actor Version
Reading file takes 79.896 seconds
File /storage/home/hcoda1/8/ssinghal74/scratch/mel-dataset/converted/rgg_small.mtx
Number of Vertices: 536870912
Number of Edges: 6643450680
Sorting el for all G(V) takes 1.730 seconds
Time taken for matching: 8.963


== rgg_small.mtx | 16 nodes ==
Graph Matching 1/2-Approx Actor Version
Reading file takes 38.436 seconds
File /storage/home/hcoda1/8/ssinghal74/scratch/mel-dataset/converted/rgg_small.mtx
Number of Vertices: 536870912
Number of Edges: 6643450680
Sorting el for all G(V) takes 0.842 seconds
Time taken for matching: 4.482


== rgg_small.mtx | 32 nodes ==
Graph Matching 1/2-Approx Actor Version
Reading file takes 16.852 seconds
File /storage/home/hcoda1/8/ssinghal74/scratch/mel-dataset/converted/rgg_small.mtx
Number of Vertices: 536870912
Number of Edges: 6643450680
Sorting el for all G(V) takes 0.396 seconds
Time taken for matching: 2.471

== rgg_small.mtx | 64 nodes ==
Graph Matching 1/2-Approx Actor Version
Reading file takes 13.609 seconds
File /storage/home/hcoda1/8/ssinghal74/scratch/mel-dataset/converted/rgg_small.mtx
Number of Vertices: 536870912
Number of Edges: 6643450680
Sorting el for all G(V) takes 0.192 seconds
Time taken for matching: 1.225


== rgg_small.mtx | 128 nodes ==
Graph Matching 1/2-Approx Actor Version
Reading file takes 7.011 seconds
File /storage/home/hcoda1/8/ssinghal74/scratch/mel-dataset/converted/rgg_small.mtx
Number of Vertices: 536870912
Number of Edges: 6643450680
Sorting el for all G(V) takes 0.094 seconds
Time taken for matching: 0.708


== rgg_medium.mtx | 4 nodes ==
Graph Matching 1/2-Approx Actor Version
Graph Matching 1/2-Approx Actor Version
Reading file takes 403.558 seconds
File /storage/home/hcoda1/8/ssinghal74/scratch/mel-dataset/converted/rgg_medium.mtx
Number of Vertices: 1073741824
Number of Edges: 13579379686
Sorting el for all G(V) takes 7.484 seconds
slurmstepd: error: Detected 1 oom_kill event in StepId=935625.20. Some of the step tasks have been OOM Killed.


== rgg_medium.mtx | 8 nodes ==
Graph Matching 1/2-Approx Actor Version
Reading file takes 163.329 seconds
File /storage/home/hcoda1/8/ssinghal74/scratch/mel-dataset/converted/rgg_medium.mtx
Number of Vertices: 1073741824
Number of Edges: 13579379686
Sorting el for all G(V) takes 4.389 seconds
Time taken for matching: 18.795


== rgg_medium.mtx | 16 nodes ==
Graph Matching 1/2-Approx Actor Version
Reading file takes 84.017 seconds
File /storage/home/hcoda1/8/ssinghal74/scratch/mel-dataset/converted/rgg_medium.mtx
Number of Vertices: 1073741824
Number of Edges: 13579379686
Sorting el for all G(V) takes 1.772 seconds
Time taken for matching: 9.214


== rgg_medium.mtx | 32 nodes ==
Graph Matching 1/2-Approx Actor Version
Reading file takes 35.497 seconds
File /storage/home/hcoda1/8/ssinghal74/scratch/mel-dataset/converted/rgg_medium.mtx
Number of Vertices: 1073741824
Number of Edges: 13579379686
Sorting el for all G(V) takes 0.849 seconds
Time taken for matching: 4.822


== rgg_medium.mtx | 64 nodes ==
Graph Matching 1/2-Approx Actor Version
Reading file takes 27.646 seconds
File /storage/home/hcoda1/8/ssinghal74/scratch/mel-dataset/converted/rgg_medium.mtx
Number of Vertices: 1073741824
Number of Edges: 13579379686
Sorting el for all G(V) takes 0.404 seconds
Time taken for matching: 2.474


== rgg_medium.mtx | 128 nodes ==
Graph Matching 1/2-Approx Actor Version
Reading file takes 15.172 seconds
File /storage/home/hcoda1/8/ssinghal74/scratch/mel-dataset/converted/rgg_medium.mtx
Number of Vertices: 1073741824
Number of Edges: 13579379686
Sorting el for all G(V) takes 0.197 seconds
Time taken for matching: 1.290


== rgg_big.mtx | 16 nodes ==
Graph Matching 1/2-Approx Actor Version
Reading file takes 184.853 seconds
File /storage/home/hcoda1/8/ssinghal74/scratch/mel-dataset/converted/rgg_big.mtx
Number of Vertices: 2147483648
Number of Edges: 27566246252
Sorting el for all G(V) takes 4.159 seconds
Time taken for matching: 19.169


== rgg_big.mtx | 32 nodes ==
Graph Matching 1/2-Approx Actor Version
Reading file takes 188.740 seconds
File /storage/home/hcoda1/8/ssinghal74/scratch/mel-dataset/converted/rgg_big.mtx
Number of Vertices: 2147483648
Number of Edges: 27566246252
Sorting el for all G(V) takes 1.788 seconds
Time taken for matching: 9.916


== rgg_big.mtx | 64 nodes ==
Graph Matching 1/2-Approx Actor Version
Reading file takes 60.581 seconds
File /storage/home/hcoda1/8/ssinghal74/scratch/mel-dataset/converted/rgg_big.mtx
Number of Vertices: 2147483648
Number of Edges: 27566246252
Sorting el for all G(V) takes 0.850 seconds
Time taken for matching: 5.208


== rgg_big.mtx | 128 nodes ==
Graph Matching 1/2-Approx Actor Version
Reading file takes 55.033 seconds
File /storage/home/hcoda1/8/ssinghal74/scratch/mel-dataset/converted/rgg_big.mtx
Number of Vertices: 2147483648
Number of Edges: 27566246252
Sorting el for all G(V) takes 0.410 seconds
Time taken for matching: 2.616
